System.InvalidOperationException: Sequence contains no elements
  at MoreLinq.MoreEnumerable.MinBy[TSource,TKey] (IEnumerable`1 source, System.Func`2 selector, IComparer`1 comparer) <0x261b3e0 + 0x00093> in <filename unknown>:0 
  at MoreLinq.MoreEnumerable.MinBy[TSource,TKey] (IEnumerable`1 source, System.Func`2 selector) <0x261ae50 + 0x0001f> in <filename unknown>:0 
  at Simulator.Monitor.DisplaySummary (System.Object o) [0x0006c] in /Users/acailliau/Projects/MinePump/Simulator/Monitor.cs:421 
---
Achieve [Pump On When High Water And No Methane] ((HighWater & !Methane) -> X (PumpOn U (!HighWater | Methane)))
    Min: [1, 1] (Avg: 1, Id: -1469257216, Monitors: 1/0/0)
    Max: [1, 1] (Avg: 1, Id: -1469257216, Monitors: 1/0/0)
Pump Broken Next When High Water And Methane ((HighWater & !Methane) & X (Broken R (HighWater & !Methane)))
    Min: [0, 0] (Avg: 0, Id: -1469257216, Monitors: 0/1/0)
    Max: [0, 0] (Avg: 0, Id: -1469257216, Monitors: 0/1/0)
Pump Not On Next When Pump Broken (!Broken | !PumpOn)
    Min: [1, 1] (Avg: 1, Id: -1469257216, Monitors: 1/0/0)
    Max: [1, 1] (Avg: 1, Id: -1469257216, Monitors: 1/0/0)
---
Achieve [Pump On When High Water And No Methane] ((HighWater & !Methane) -> X (PumpOn U (!HighWater | Methane)))
    Min: [1, 1] (Avg: 1, Id: -1469257216, Monitors: 1/0/0)
    Max: [1, 1] (Avg: 1, Id: -1469257216, Monitors: 1/0/0)
Pump Broken Next When High Water And Methane ((HighWater & !Methane) & X (Broken R (HighWater & !Methane)))
    Min: [0, 0] (Avg: 0, Id: -1469257216, Monitors: 0/1/0)
    Max: [0, 0] (Avg: 0, Id: -1469257216, Monitors: 0/1/0)
Pump Not On Next When Pump Broken (!Broken | !PumpOn)
    Min: [1, 1] (Avg: 1, Id: -1469257216, Monitors: 1/0/0)
    Max: [1, 1] (Avg: 1, Id: -1469257216, Monitors: 1/0/0)
---
Achieve [Pump On When High Water And No Methane] ((HighWater & !Methane) -> X (PumpOn U (!HighWater | Methane)))
    Min: [1, 1] (Avg: 1, Id: -1469257216, Monitors: 1/0/0)
    Max: [1, 1] (Avg: 1, Id: -1469257216, Monitors: 1/0/0)
Pump Broken Next When High Water And Methane ((HighWater & !Methane) & X (Broken R (HighWater & !Methane)))
    Min: [0, 0] (Avg: 0, Id: -1469257216, Monitors: 0/1/0)
    Max: [0, 0] (Avg: 0, Id: -1469257216, Monitors: 0/1/0)
Pump Not On Next When Pump Broken (!Broken | !PumpOn)
    Min: [1, 1] (Avg: 1, Id: -1469257216, Monitors: 1/0/0)
    Max: [1, 1] (Avg: 1, Id: -1469257216, Monitors: 1/0/0)
---
Achieve [Pump On When High Water And No Methane] ((HighWater & !Methane) -> X (PumpOn U (!HighWater | Methane)))
    Min: [1, 1] (Avg: 1, Id: -1469257216, Monitors: 1/0/0)
    Max: [1, 1] (Avg: 1, Id: -1469257216, Monitors: 1/0/0)
Pump Broken Next When High Water And Methane ((HighWater & !Methane) & X (Broken R (HighWater & !Methane)))
    Min: [0, 0] (Avg: 0, Id: -1469257216, Monitors: 0/1/0)
    Max: [0, 0] (Avg: 0, Id: -1469257216, Monitors: 0/1/0)
Pump Not On Next When Pump Broken (!Broken | !PumpOn)
    Min: [1, 1] (Avg: 1, Id: -1469257216, Monitors: 1/0/0)
    Max: [1, 1] (Avg: 1, Id: -1469257216, Monitors: 1/0/0)
---
Achieve [Pump On When High Water And No Methane] ((HighWater & !Methane) -> X (PumpOn U (!HighWater | Methane)))
    Min: [1, 1] (Avg: 1, Id: -1469257216, Monitors: 1/0/0)
    Max: [1, 1] (Avg: 1, Id: -1469257216, Monitors: 1/0/0)
Pump Broken Next When High Water And Methane ((HighWater & !Methane) & X (Broken R (HighWater & !Methane)))
    Min: [0, 0] (Avg: 0, Id: -1469257216, Monitors: 0/1/0)
    Max: [0, 0] (Avg: 0, Id: -1469257216, Monitors: 0/1/0)
Pump Not On Next When Pump Broken (!Broken | !PumpOn)
    Min: [1, 1] (Avg: 1, Id: -1469257216, Monitors: 1/0/0)
    Max: [1, 1] (Avg: 1, Id: -1469257216, Monitors: 1/0/0)
---
Achieve [Pump On When High Water And No Methane] ((HighWater & !Methane) -> X (PumpOn U (!HighWater | Methane)))
    Min: [1, 1] (Avg: 1, Id: -1469257216, Monitors: 1/0/0)
    Max: [1, 1] (Avg: 1, Id: -1469257216, Monitors: 1/0/0)
Pump Broken Next When High Water And Methane ((HighWater & !Methane) & X (Broken R (HighWater & !Methane)))
    Min: [0, 0] (Avg: 0, Id: -1469257216, Monitors: 0/1/0)
    Max: [0, 0] (Avg: 0, Id: -1469257216, Monitors: 0/1/0)
Pump Not On Next When Pump Broken (!Broken | !PumpOn)
    Min: [1, 1] (Avg: 1, Id: -1469257216, Monitors: 1/0/0)
    Max: [1, 1] (Avg: 1, Id: -1469257216, Monitors: 1/0/0)
---
Achieve [Pump On When High Water And No Methane] ((HighWater & !Methane) -> X (PumpOn U (!HighWater | Methane)))
    Min: [1, 1] (Avg: 1, Id: -1469257216, Monitors: 1/0/0)
    Max: [1, 1] (Avg: 1, Id: -1469257216, Monitors: 1/0/0)
Pump Broken Next When High Water And Methane ((HighWater & !Methane) & X (Broken R (HighWater & !Methane)))
    Min: [0, 0] (Avg: 0, Id: -1469257216, Monitors: 0/1/0)
    Max: [0, 0] (Avg: 0, Id: -1469257216, Monitors: 0/1/0)
Pump Not On Next When Pump Broken (!Broken | !PumpOn)
    Min: [1, 1] (Avg: 1, Id: -1469257216, Monitors: 1/0/0)
    Max: [1, 1] (Avg: 1, Id: -1469257216, Monitors: 1/0/0)
---
Achieve [Pump On When High Water And No Methane] ((HighWater & !Methane) -> X (PumpOn U (!HighWater | Methane)))
    Min: [1, 1] (Avg: 1, Id: -1469257216, Monitors: 1/0/0)
    Max: [1, 1] (Avg: 1, Id: -1469257216, Monitors: 1/0/0)
Pump Broken Next When High Water And Methane ((HighWater & !Methane) & X (Broken R (HighWater & !Methane)))
    Min: [0, 0] (Avg: 0, Id: -1469257216, Monitors: 0/1/0)
    Max: [0, 0] (Avg: 0, Id: -1469257216, Monitors: 0/1/0)
Pump Not On Next When Pump Broken (!Broken | !PumpOn)
    Min: [1, 1] (Avg: 1, Id: -1469257216, Monitors: 1/0/0)
    Max: [1, 1] (Avg: 1, Id: -1469257216, Monitors: 1/0/0)
---
Achieve [Pump On When High Water And No Methane] ((HighWater & !Methane) -> X (PumpOn U (!HighWater | Methane)))
    Min: [1, 1] (Avg: 1, Id: -1469257216, Monitors: 1/0/0)
    Max: [1, 1] (Avg: 1, Id: -1469257216, Monitors: 1/0/0)
Pump Broken Next When High Water And Methane ((HighWater & !Methane) & X (Broken R (HighWater & !Methane)))
    Min: [0, 0] (Avg: 0, Id: -1469257216, Monitors: 0/1/0)
    Max: [0, 0] (Avg: 0, Id: -1469257216, Monitors: 0/1/0)
Pump Not On Next When Pump Broken (!Broken | !PumpOn)
    Min: [1, 1] (Avg: 1, Id: -1469257216, Monitors: 1/0/0)
    Max: [1, 1] (Avg: 1, Id: -1469257216, Monitors: 1/0/0)
---
Achieve [Pump On When High Water And No Methane] ((HighWater & !Methane) -> X (PumpOn U (!HighWater | Methane)))
    Min: [1, 1] (Avg: 1, Id: -1469257216, Monitors: 1/0/0)
    Max: [1, 1] (Avg: 1, Id: -1469257216, Monitors: 1/0/0)
Pump Broken Next When High Water And Methane ((HighWater & !Methane) & X (Broken R (HighWater & !Methane)))
    Min: [0, 0] (Avg: 0, Id: -1469257216, Monitors: 0/1/0)
    Max: [0, 0] (Avg: 0, Id: -1469257216, Monitors: 0/1/0)
Pump Not On Next When Pump Broken (!Broken | !PumpOn)
    Min: [1, 1] (Avg: 1, Id: -1469257216, Monitors: 1/0/0)
    Max: [1, 1] (Avg: 1, Id: -1469257216, Monitors: 1/0/0)
---
Achieve [Pump On When High Water And No Methane] ((HighWater & !Methane) -> X (PumpOn U (!HighWater | Methane)))
    Min: [1, 1] (Avg: 1, Id: -1469257216, Monitors: 1/0/0)
    Max: [1, 1] (Avg: 1, Id: -1469257216, Monitors: 1/0/0)
Pump Broken Next When High Water And Methane ((HighWater & !Methane) & X (Broken R (HighWater & !Methane)))
    Min: [0, 0] (Avg: 0, Id: -1469257216, Monitors: 0/1/0)
    Max: [0, 0] (Avg: 0, Id: -1469257216, Monitors: 0/1/0)
Pump Not On Next When Pump Broken (!Broken | !PumpOn)
    Min: [1, 1] (Avg: 1, Id: -1469257216, Monitors: 1/0/0)
    Max: [1, 1] (Avg: 1, Id: -1469257216, Monitors: 1/0/0)
---
Achieve [Pump On When High Water And No Methane] ((HighWater & !Methane) -> X (PumpOn U (!HighWater | Methane)))
    Min: [1, 1] (Avg: 1, Id: -1469257216, Monitors: 1/0/0)
    Max: [1, 1] (Avg: 1, Id: -1469257216, Monitors: 1/0/0)
Pump Broken Next When High Water And Methane ((HighWater & !Methane) & X (Broken R (HighWater & !Methane)))
    Min: [0, 0] (Avg: 0, Id: -1469257216, Monitors: 0/1/0)
    Max: [0, 0] (Avg: 0, Id: -1469257216, Monitors: 0/1/0)
Pump Not On Next When Pump Broken (!Broken | !PumpOn)
    Min: [1, 1] (Avg: 1, Id: -1469257216, Monitors: 1/0/0)
    Max: [1, 1] (Avg: 1, Id: -1469257216, Monitors: 1/0/0)
---
Achieve [Pump On When High Water And No Methane] ((HighWater & !Methane) -> X (PumpOn U (!HighWater | Methane)))
    Min: [1, 1] (Avg: 1, Id: -1469257216, Monitors: 1/0/0)
    Max: [1, 1] (Avg: 1, Id: -1469257216, Monitors: 1/0/0)
Pump Broken Next When High Water And Methane ((HighWater & !Methane) & X (Broken R (HighWater & !Methane)))
    Min: [0, 0] (Avg: 0, Id: -1469257216, Monitors: 0/1/0)
    Max: [0, 0] (Avg: 0, Id: -1469257216, Monitors: 0/1/0)
Pump Not On Next When Pump Broken (!Broken | !PumpOn)
    Min: [1, 1] (Avg: 1, Id: -1469257216, Monitors: 1/0/0)
    Max: [1, 1] (Avg: 1, Id: -1469257216, Monitors: 1/0/0)
---
Achieve [Pump On When High Water And No Methane] ((HighWater & !Methane) -> X (PumpOn U (!HighWater | Methane)))
    Min: [1, 1] (Avg: 1, Id: -1469257216, Monitors: 1/0/0)
    Max: [1, 1] (Avg: 1, Id: -1469257216, Monitors: 1/0/0)
Pump Broken Next When High Water And Methane ((HighWater & !Methane) & X (Broken R (HighWater & !Methane)))
    Min: [0, 0] (Avg: 0, Id: -1469257216, Monitors: 0/1/0)
    Max: [0, 0] (Avg: 0, Id: -1469257216, Monitors: 0/1/0)
Pump Not On Next When Pump Broken (!Broken | !PumpOn)
    Min: [1, 1] (Avg: 1, Id: -1469257216, Monitors: 1/0/0)
    Max: [1, 1] (Avg: 1, Id: -1469257216, Monitors: 1/0/0)
---
Achieve [Pump On When High Water And No Methane] ((HighWater & !Methane) -> X (PumpOn U (!HighWater | Methane)))
    Min: [1, 1] (Avg: 1, Id: -1469257216, Monitors: 1/0/0)
    Max: [1, 1] (Avg: 1, Id: -1469257216, Monitors: 1/0/0)
Pump Broken Next When High Water And Methane ((HighWater & !Methane) & X (Broken R (HighWater & !Methane)))
    Min: [0, 0] (Avg: 0, Id: -1469257216, Monitors: 0/1/0)
    Max: [0, 0] (Avg: 0, Id: -1469257216, Monitors: 0/1/0)
Pump Not On Next When Pump Broken (!Broken | !PumpOn)
    Min: [1, 1] (Avg: 1, Id: -1469257216, Monitors: 1/0/0)
    Max: [1, 1] (Avg: 1, Id: -1469257216, Monitors: 1/0/0)
---
Achieve [Pump On When High Water And No Methane] ((HighWater & !Methane) -> X (PumpOn U (!HighWater | Methane)))
    Min: [1, 1] (Avg: 1, Id: -1469257216, Monitors: 1/0/0)
    Max: [1, 1] (Avg: 1, Id: -1469257216, Monitors: 1/0/0)
Pump Broken Next When High Water And Methane ((HighWater & !Methane) & X (Broken R (HighWater & !Methane)))
    Min: [0, 0] (Avg: 0, Id: -1469257216, Monitors: 0/1/0)
    Max: [0, 0] (Avg: 0, Id: -1469257216, Monitors: 0/1/0)
Pump Not On Next When Pump Broken (!Broken | !PumpOn)
    Min: [1, 1] (Avg: 1, Id: -1469257216, Monitors: 1/0/0)
    Max: [1, 1] (Avg: 1, Id: -1469257216, Monitors: 1/0/0)
---
Achieve [Pump On When High Water And No Methane] ((HighWater & !Methane) -> X (PumpOn U (!HighWater | Methane)))
    Min: [1, 1] (Avg: 1, Id: -1469257216, Monitors: 1/0/0)
    Max: [1, 1] (Avg: 1, Id: -1469257216, Monitors: 1/0/0)
Pump Broken Next When High Water And Methane ((HighWater & !Methane) & X (Broken R (HighWater & !Methane)))
    Min: [0, 0] (Avg: 0, Id: -1469257216, Monitors: 0/1/0)
    Max: [0, 0] (Avg: 0, Id: -1469257216, Monitors: 0/1/0)
Pump Not On Next When Pump Broken (!Broken | !PumpOn)
    Min: [1, 1] (Avg: 1, Id: -1469257216, Monitors: 1/0/0)
    Max: [1, 1] (Avg: 1, Id: -1469257216, Monitors: 1/0/0)
---
Achieve [Pump On When High Water And No Methane] ((HighWater & !Methane) -> X (PumpOn U (!HighWater | Methane)))
    Min: [1, 1] (Avg: 1, Id: -1469257216, Monitors: 1/0/0)
    Max: [1, 1] (Avg: 1, Id: -1469257216, Monitors: 1/0/0)
Pump Broken Next When High Water And Methane ((HighWater & !Methane) & X (Broken R (HighWater & !Methane)))
    Min: [0, 0] (Avg: 0, Id: -1469257216, Monitors: 0/1/0)
    Max: [0, 0] (Avg: 0, Id: -1469257216, Monitors: 0/1/0)
Pump Not On Next When Pump Broken (!Broken | !PumpOn)
    Min: [1, 1] (Avg: 1, Id: -1469257216, Monitors: 1/0/0)
    Max: [1, 1] (Avg: 1, Id: -1469257216, Monitors: 1/0/0)
---
Achieve [Pump On When High Water And No Methane] ((HighWater & !Methane) -> X (PumpOn U (!HighWater | Methane)))
    Min: [1, 1] (Avg: 1, Id: -1469257216, Monitors: 1/0/0)
    Max: [1, 1] (Avg: 1, Id: -1469257216, Monitors: 1/0/0)
Pump Broken Next When High Water And Methane ((HighWater & !Methane) & X (Broken R (HighWater & !Methane)))
    Min: [0, 0] (Avg: 0, Id: -1469257216, Monitors: 0/1/0)
    Max: [0, 0] (Avg: 0, Id: -1469257216, Monitors: 0/1/0)
Pump Not On Next When Pump Broken (!Broken | !PumpOn)
    Min: [1, 1] (Avg: 1, Id: -1469257216, Monitors: 1/0/0)
    Max: [1, 1] (Avg: 1, Id: -1469257216, Monitors: 1/0/0)
---
Achieve [Pump On When High Water And No Methane] ((HighWater & !Methane) -> X (PumpOn U (!HighWater | Methane)))
    Min: [1, 1] (Avg: 1, Id: -1469257216, Monitors: 1/0/0)
    Max: [1, 1] (Avg: 1, Id: -1469257216, Monitors: 1/0/0)
Pump Broken Next When High Water And Methane ((HighWater & !Methane) & X (Broken R (HighWater & !Methane)))
    Min: [0, 0] (Avg: 0, Id: -1469257216, Monitors: 0/1/0)
    Max: [0, 0] (Avg: 0, Id: -1469257216, Monitors: 0/1/0)
Pump Not On Next When Pump Broken (!Broken | !PumpOn)
    Min: [1, 1] (Avg: 1, Id: -1469257216, Monitors: 1/0/0)
    Max: [1, 1] (Avg: 1, Id: -1469257216, Monitors: 1/0/0)
---
Achieve [Pump On When High Water And No Methane] ((HighWater & !Methane) -> X (PumpOn U (!HighWater | Methane)))
    Min: [1, 1] (Avg: 1, Id: -1469257216, Monitors: 1/0/0)
    Max: [1, 1] (Avg: 1, Id: -1469257216, Monitors: 1/0/0)
Pump Broken Next When High Water And Methane ((HighWater & !Methane) & X (Broken R (HighWater & !Methane)))
    Min: [0, 0] (Avg: 0, Id: -1469257216, Monitors: 0/1/0)
    Max: [0, 0] (Avg: 0, Id: -1469257216, Monitors: 0/1/0)
Pump Not On Next When Pump Broken (!Broken | !PumpOn)
    Min: [1, 1] (Avg: 1, Id: -1469257216, Monitors: 1/0/0)
    Max: [1, 1] (Avg: 1, Id: -1469257216, Monitors: 1/0/0)
---
Achieve [Pump On When High Water And No Methane] ((HighWater & !Methane) -> X (PumpOn U (!HighWater | Methane)))
    Min: [1, 1] (Avg: 1, Id: -1469257216, Monitors: 1/0/0)
    Max: [1, 1] (Avg: 1, Id: -1469257216, Monitors: 1/0/0)
Pump Broken Next When High Water And Methane ((HighWater & !Methane) & X (Broken R (HighWater & !Methane)))
    Min: [0, 0] (Avg: 0, Id: -1469257216, Monitors: 0/1/0)
    Max: [0, 0] (Avg: 0, Id: -1469257216, Monitors: 0/1/0)
Pump Not On Next When Pump Broken (!Broken | !PumpOn)
    Min: [1, 1] (Avg: 1, Id: -1469257216, Monitors: 1/0/0)
    Max: [1, 1] (Avg: 1, Id: -1469257216, Monitors: 1/0/0)
---
Achieve [Pump On When High Water And No Methane] ((HighWater & !Methane) -> X (PumpOn U (!HighWater | Methane)))
    Min: [1, 1] (Avg: 1, Id: -1469257216, Monitors: 1/0/0)
    Max: [1, 1] (Avg: 1, Id: -1469257216, Monitors: 1/0/0)
Pump Broken Next When High Water And Methane ((HighWater & !Methane) & X (Broken R (HighWater & !Methane)))
    Min: [0, 0] (Avg: 0, Id: -1469257216, Monitors: 0/1/0)
    Max: [0, 0] (Avg: 0, Id: -1469257216, Monitors: 0/1/0)
Pump Not On Next When Pump Broken (!Broken | !PumpOn)
    Min: [1, 1] (Avg: 1, Id: -1469257216, Monitors: 1/0/0)
    Max: [1, 1] (Avg: 1, Id: -1469257216, Monitors: 1/0/0)
---
Achieve [Pump On When High Water And No Methane] ((HighWater & !Methane) -> X (PumpOn U (!HighWater | Methane)))
    Min: [1, 1] (Avg: 1, Id: -1469257216, Monitors: 1/0/0)
    Max: [1, 1] (Avg: 1, Id: -1469257216, Monitors: 1/0/0)
Pump Broken Next When High Water And Methane ((HighWater & !Methane) & X (Broken R (HighWater & !Methane)))
    Min: [0, 0] (Avg: 0, Id: -1469257216, Monitors: 0/1/0)
    Max: [0, 0] (Avg: 0, Id: -1469257216, Monitors: 0/1/0)
Pump Not On Next When Pump Broken (!Broken | !PumpOn)
    Min: [1, 1] (Avg: 1, Id: -1469257216, Monitors: 1/0/0)
    Max: [1, 1] (Avg: 1, Id: -1469257216, Monitors: 1/0/0)
---
Achieve [Pump On When High Water And No Methane] ((HighWater & !Methane) -> X (PumpOn U (!HighWater | Methane)))
    Min: [1, 1] (Avg: 1, Id: -1469257216, Monitors: 1/0/0)
    Max: [1, 1] (Avg: 1, Id: -1469257216, Monitors: 1/0/0)
Pump Broken Next When High Water And Methane ((HighWater & !Methane) & X (Broken R (HighWater & !Methane)))
    Min: [0, 0] (Avg: 0, Id: -1469257216, Monitors: 0/1/0)
    Max: [0, 0] (Avg: 0, Id: -1469257216, Monitors: 0/1/0)
Pump Not On Next When Pump Broken (!Broken | !PumpOn)
    Min: [1, 1] (Avg: 1, Id: -1469257216, Monitors: 1/0/0)
    Max: [1, 1] (Avg: 1, Id: -1469257216, Monitors: 1/0/0)
---
Achieve [Pump On When High Water And No Methane] ((HighWater & !Methane) -> X (PumpOn U (!HighWater | Methane)))
    Min: [1, 1] (Avg: 1, Id: -1469257216, Monitors: 1/0/0)
    Max: [1, 1] (Avg: 1, Id: -1469257216, Monitors: 1/0/0)
Pump Broken Next When High Water And Methane ((HighWater & !Methane) & X (Broken R (HighWater & !Methane)))
    Min: [0, 0] (Avg: 0, Id: -1469257216, Monitors: 0/1/0)
    Max: [0, 0] (Avg: 0, Id: -1469257216, Monitors: 0/1/0)
Pump Not On Next When Pump Broken (!Broken | !PumpOn)
    Min: [1, 1] (Avg: 1, Id: -1469257216, Monitors: 1/0/0)
    Max: [1, 1] (Avg: 1, Id: -1469257216, Monitors: 1/0/0)
---
Achieve [Pump On When High Water And No Methane] ((HighWater & !Methane) -> X (PumpOn U (!HighWater | Methane)))
    Min: [1, 1] (Avg: 1, Id: -1469257216, Monitors: 1/0/0)
    Max: [1, 1] (Avg: 1, Id: -1469257216, Monitors: 1/0/0)
Pump Broken Next When High Water And Methane ((HighWater & !Methane) & X (Broken R (HighWater & !Methane)))
    Min: [0, 0] (Avg: 0, Id: -1469257216, Monitors: 0/1/0)
    Max: [0, 0] (Avg: 0, Id: -1469257216, Monitors: 0/1/0)
Pump Not On Next When Pump Broken (!Broken | !PumpOn)
    Min: [1, 1] (Avg: 1, Id: -1469257216, Monitors: 1/0/0)
    Max: [1, 1] (Avg: 1, Id: -1469257216, Monitors: 1/0/0)
---
Achieve [Pump On When High Water And No Methane] ((HighWater & !Methane) -> X (PumpOn U (!HighWater | Methane)))
    Min: [1, 1] (Avg: 1, Id: -1469257216, Monitors: 1/0/0)
    Max: [1, 1] (Avg: 1, Id: -1469257216, Monitors: 1/0/0)
Pump Broken Next When High Water And Methane ((HighWater & !Methane) & X (Broken R (HighWater & !Methane)))
    Min: [0, 0] (Avg: 0, Id: -1469257216, Monitors: 0/1/0)
    Max: [0, 0] (Avg: 0, Id: -1469257216, Monitors: 0/1/0)
Pump Not On Next When Pump Broken (!Broken | !PumpOn)
    Min: [1, 1] (Avg: 1, Id: -1469257216, Monitors: 1/0/0)
    Max: [1, 1] (Avg: 1, Id: -1469257216, Monitors: 1/0/0)
---
Achieve [Pump On When High Water And No Methane] ((HighWater & !Methane) -> X (PumpOn U (!HighWater | Methane)))
    Min: [1, 1] (Avg: 1, Id: -1469257216, Monitors: 1/0/0)
    Max: [1, 1] (Avg: 1, Id: -1469257216, Monitors: 1/0/0)
Pump Broken Next When High Water And Methane ((HighWater & !Methane) & X (Broken R (HighWater & !Methane)))
    Min: [0, 0] (Avg: 0, Id: -1469257216, Monitors: 0/1/0)
    Max: [0, 0] (Avg: 0, Id: -1469257216, Monitors: 0/1/0)
Pump Not On Next When Pump Broken (!Broken | !PumpOn)
    Min: [1, 1] (Avg: 1, Id: -1469257216, Monitors: 1/0/0)
    Max: [1, 1] (Avg: 1, Id: -1469257216, Monitors: 1/0/0)
---
Achieve [Pump On When High Water And No Methane] ((HighWater & !Methane) -> X (PumpOn U (!HighWater | Methane)))
    Min: [1, 1] (Avg: 1, Id: -1469257216, Monitors: 1/0/0)
    Max: [1, 1] (Avg: 1, Id: -1469257216, Monitors: 1/0/0)
Pump Broken Next When High Water And Methane ((HighWater & !Methane) & X (Broken R (HighWater & !Methane)))
    Min: [0, 0] (Avg: 0, Id: -1469257216, Monitors: 0/1/0)
    Max: [0, 0] (Avg: 0, Id: -1469257216, Monitors: 0/1/0)
Pump Not On Next When Pump Broken (!Broken | !PumpOn)
    Min: [1, 1] (Avg: 1, Id: -1469257216, Monitors: 1/0/0)
    Max: [1, 1] (Avg: 1, Id: -1469257216, Monitors: 1/0/0)
---
Achieve [Pump On When High Water And No Methane] ((HighWater & !Methane) -> X (PumpOn U (!HighWater | Methane)))
    Min: [1, 1] (Avg: 1, Id: -1469257216, Monitors: 1/0/0)
    Max: [1, 1] (Avg: 1, Id: -1469257216, Monitors: 1/0/0)
Pump Broken Next When High Water And Methane ((HighWater & !Methane) & X (Broken R (HighWater & !Methane)))
    Min: [0, 0] (Avg: 0, Id: -1469257216, Monitors: 0/1/0)
    Max: [0, 0] (Avg: 0, Id: -1469257216, Monitors: 0/1/0)
Pump Not On Next When Pump Broken (!Broken | !PumpOn)
    Min: [1, 1] (Avg: 1, Id: -1469257216, Monitors: 1/0/0)
    Max: [1, 1] (Avg: 1, Id: -1469257216, Monitors: 1/0/0)
---
Achieve [Pump On When High Water And No Methane] ((HighWater & !Methane) -> X (PumpOn U (!HighWater | Methane)))
    Min: [1, 1] (Avg: 1, Id: -1469257216, Monitors: 1/0/0)
    Max: [1, 1] (Avg: 1, Id: -1469257216, Monitors: 1/0/0)
Pump Broken Next When High Water And Methane ((HighWater & !Methane) & X (Broken R (HighWater & !Methane)))
    Min: [0, 0] (Avg: 0, Id: -1469257216, Monitors: 0/1/0)
    Max: [0, 0] (Avg: 0, Id: -1469257216, Monitors: 0/1/0)
Pump Not On Next When Pump Broken (!Broken | !PumpOn)
    Min: [1, 1] (Avg: 1, Id: -1469257216, Monitors: 1/0/0)
    Max: [1, 1] (Avg: 1, Id: -1469257216, Monitors: 1/0/0)
---
Achieve [Pump On When High Water And No Methane] ((HighWater & !Methane) -> X (PumpOn U (!HighWater | Methane)))
    Min: [1, 1] (Avg: 1, Id: -1469257216, Monitors: 1/0/0)
    Max: [1, 1] (Avg: 1, Id: -1469257216, Monitors: 1/0/0)
Pump Broken Next When High Water And Methane ((HighWater & !Methane) & X (Broken R (HighWater & !Methane)))
    Min: [0, 0] (Avg: 0, Id: -1469257216, Monitors: 0/1/0)
    Max: [0, 0] (Avg: 0, Id: -1469257216, Monitors: 0/1/0)
Pump Not On Next When Pump Broken (!Broken | !PumpOn)
    Min: [1, 1] (Avg: 1, Id: -1469257216, Monitors: 1/0/0)
    Max: [1, 1] (Avg: 1, Id: -1469257216, Monitors: 1/0/0)
---
Achieve [Pump On When High Water And No Methane] ((HighWater & !Methane) -> X (PumpOn U (!HighWater | Methane)))
    Min: [1, 1] (Avg: 1, Id: -1469257216, Monitors: 1/0/0)
    Max: [1, 1] (Avg: 1, Id: -1469257216, Monitors: 1/0/0)
Pump Broken Next When High Water And Methane ((HighWater & !Methane) & X (Broken R (HighWater & !Methane)))
    Min: [0, 0] (Avg: 0, Id: -1469257216, Monitors: 0/1/0)
    Max: [0, 0] (Avg: 0, Id: -1469257216, Monitors: 0/1/0)
Pump Not On Next When Pump Broken (!Broken | !PumpOn)
    Min: [1, 1] (Avg: 1, Id: -1469257216, Monitors: 1/0/0)
    Max: [1, 1] (Avg: 1, Id: -1469257216, Monitors: 1/0/0)
---
Achieve [Pump On When High Water And No Methane] ((HighWater & !Methane) -> X (PumpOn U (!HighWater | Methane)))
    Min: [1, 1] (Avg: 1, Id: -1469257216, Monitors: 1/0/0)
    Max: [1, 1] (Avg: 1, Id: -1469257216, Monitors: 1/0/0)
Pump Broken Next When High Water And Methane ((HighWater & !Methane) & X (Broken R (HighWater & !Methane)))
    Min: [0, 0] (Avg: 0, Id: -1469257216, Monitors: 0/1/0)
    Max: [0, 0] (Avg: 0, Id: -1469257216, Monitors: 0/1/0)
Pump Not On Next When Pump Broken (!Broken | !PumpOn)
    Min: [1, 1] (Avg: 1, Id: -1469257216, Monitors: 1/0/0)
    Max: [1, 1] (Avg: 1, Id: -1469257216, Monitors: 1/0/0)
---
Achieve [Pump On When High Water And No Methane] ((HighWater & !Methane) -> X (PumpOn U (!HighWater | Methane)))
    Min: [1, 1] (Avg: 1, Id: -1469257216, Monitors: 1/0/0)
    Max: [1, 1] (Avg: 1, Id: -1469257216, Monitors: 1/0/0)
Pump Broken Next When High Water And Methane ((HighWater & !Methane) & X (Broken R (HighWater & !Methane)))
    Min: [0, 0] (Avg: 0, Id: -1469257216, Monitors: 0/1/0)
    Max: [0, 0] (Avg: 0, Id: -1469257216, Monitors: 0/1/0)
Pump Not On Next When Pump Broken (!Broken | !PumpOn)
    Min: [1, 1] (Avg: 1, Id: -1469257216, Monitors: 1/0/0)
    Max: [1, 1] (Avg: 1, Id: -1469257216, Monitors: 1/0/0)
---
Achieve [Pump On When High Water And No Methane] ((HighWater & !Methane) -> X (PumpOn U (!HighWater | Methane)))
    Min: [1, 1] (Avg: 1, Id: -1469257216, Monitors: 1/0/0)
    Max: [1, 1] (Avg: 1, Id: -1469257216, Monitors: 1/0/0)
Pump Broken Next When High Water And Methane ((HighWater & !Methane) & X (Broken R (HighWater & !Methane)))
    Min: [0, 0] (Avg: 0, Id: -1469257216, Monitors: 0/1/0)
    Max: [0, 0] (Avg: 0, Id: -1469257216, Monitors: 0/1/0)
Pump Not On Next When Pump Broken (!Broken | !PumpOn)
    Min: [1, 1] (Avg: 1, Id: -1469257216, Monitors: 1/0/0)
    Max: [1, 1] (Avg: 1, Id: -1469257216, Monitors: 1/0/0)
---
Achieve [Pump On When High Water And No Methane] ((HighWater & !Methane) -> X (PumpOn U (!HighWater | Methane)))
    Min: [1, 1] (Avg: 1, Id: -1469257216, Monitors: 1/0/0)
    Max: [1, 1] (Avg: 1, Id: -1469257216, Monitors: 1/0/0)
Pump Broken Next When High Water And Methane ((HighWater & !Methane) & X (Broken R (HighWater & !Methane)))
    Min: [0, 0] (Avg: 0, Id: -1469257216, Monitors: 0/1/0)
    Max: [0, 0] (Avg: 0, Id: -1469257216, Monitors: 0/1/0)
Pump Not On Next When Pump Broken (!Broken | !PumpOn)
    Min: [1, 1] (Avg: 1, Id: -1469257216, Monitors: 1/0/0)
    Max: [1, 1] (Avg: 1, Id: -1469257216, Monitors: 1/0/0)
---
