 (HighWater -> X (PumpOn U !HighWater))
    Min: [0.22, 1] (Avg: 0.67, Id: 1788649407, Monitors: 2/1/0)
    Max: [1, 1] (Avg: 1, Id: 1782200897, Monitors: 1/0/0)
 (HighWater & X (Broken R HighWater))
    Min: [0, 0] (Avg: 0, Id: 1782200897, Monitors: 0/1/0)
    Max: [0, 0.78] (Avg: 0.33, Id: 1788649407, Monitors: 1/2/0)
 (!Broken | !PumpOn)
    Min: [1, 1] (Avg: 1, Id: 1782200897, Monitors: 1/0/0)
    Max: [1, 1] (Avg: 1, Id: 1782200897, Monitors: 1/0/0)
---
 (HighWater -> X (PumpOn U !HighWater))
    Min: [0.22, 1] (Avg: 0.67, Id: 1788649407, Monitors: 2/1/0)
    Max: [1, 1] (Avg: 1, Id: 1782200897, Monitors: 1/0/0)
 (HighWater & X (Broken R HighWater))
    Min: [0, 0] (Avg: 0, Id: 1782200897, Monitors: 0/1/0)
    Max: [0, 0.78] (Avg: 0.33, Id: 1788649407, Monitors: 1/2/0)
 (!Broken | !PumpOn)
    Min: [1, 1] (Avg: 1, Id: 1782200897, Monitors: 1/0/0)
    Max: [1, 1] (Avg: 1, Id: 1782200897, Monitors: 1/0/0)
---
 (HighWater -> X (PumpOn U !HighWater))
    Min: [0.22, 1] (Avg: 0.67, Id: 1788649407, Monitors: 2/1/0)
    Max: [1, 1] (Avg: 1, Id: 1782200897, Monitors: 1/0/0)
 (HighWater & X (Broken R HighWater))
    Min: [0, 0] (Avg: 0, Id: 1782200897, Monitors: 0/1/0)
    Max: [0, 0.78] (Avg: 0.33, Id: 1788649407, Monitors: 1/2/0)
 (!Broken | !PumpOn)
    Min: [1, 1] (Avg: 1, Id: 1782200897, Monitors: 1/0/0)
    Max: [1, 1] (Avg: 1, Id: 1782200897, Monitors: 1/0/0)
---
 (HighWater -> X (PumpOn U !HighWater))
    Min: [0.39, 1] (Avg: 0.75, Id: 1788649407, Monitors: 3/1/0)
    Max: [1, 1] (Avg: 1, Id: 1782200897, Monitors: 1/0/0)
 (HighWater & X (Broken R HighWater))
    Min: [0, 0] (Avg: 0, Id: 1782200897, Monitors: 0/1/0)
    Max: [0, 0.61] (Avg: 0.25, Id: 1788649407, Monitors: 1/3/0)
 (!Broken | !PumpOn)
    Min: [1, 1] (Avg: 1, Id: 1782200897, Monitors: 1/0/0)
    Max: [1, 1] (Avg: 1, Id: 1782200897, Monitors: 1/0/0)
---
 (HighWater -> X (PumpOn U !HighWater))
    Min: [0.51, 1] (Avg: 0.8, Id: 1788649407, Monitors: 4/1/0)
    Max: [1, 1] (Avg: 1, Id: 1782200897, Monitors: 2/0/0)
 (HighWater & X (Broken R HighWater))
    Min: [0, 0] (Avg: 0, Id: 1782200897, Monitors: 0/2/0)
    Max: [0, 0.49] (Avg: 0.2, Id: 1788649407, Monitors: 1/4/0)
 (!Broken | !PumpOn)
    Min: [1, 1] (Avg: 1, Id: 1782200897, Monitors: 2/0/0)
    Max: [1, 1] (Avg: 1, Id: 1782200897, Monitors: 2/0/0)
---
 (HighWater -> X (PumpOn U !HighWater))
    Min: [0.51, 1] (Avg: 0.8, Id: 1788649407, Monitors: 4/1/1)
    Max: [1, 1] (Avg: 1, Id: 1782200897, Monitors: 2/0/0)
 (HighWater & X (Broken R HighWater))
    Min: [0, 0] (Avg: 0, Id: 1782200897, Monitors: 0/2/0)
    Max: [0, 0.49] (Avg: 0.2, Id: 1788649407, Monitors: 1/4/1)
 (!Broken | !PumpOn)
    Min: [1, 1] (Avg: 1, Id: 1782200897, Monitors: 2/0/0)
    Max: [1, 1] (Avg: 1, Id: 1782200897, Monitors: 2/0/0)
---
 (HighWater -> X (PumpOn U !HighWater))
    Min: [0.64, 1] (Avg: 0.86, Id: 1788649407, Monitors: 6/1/0)
    Max: [1, 1] (Avg: 1, Id: 1782200897, Monitors: 3/0/0)
 (HighWater & X (Broken R HighWater))
    Min: [0, 0] (Avg: 0, Id: 1782200897, Monitors: 0/3/0)
    Max: [0, 0.36] (Avg: 0.14, Id: 1788649407, Monitors: 1/6/0)
 (!Broken | !PumpOn)
    Min: [1, 1] (Avg: 1, Id: 1782200897, Monitors: 3/0/0)
    Max: [1, 1] (Avg: 1, Id: 1782200897, Monitors: 3/0/0)
---
 (HighWater -> X (PumpOn U !HighWater))
    Min: [0.64, 1] (Avg: 0.86, Id: 1788649407, Monitors: 6/1/0)
    Max: [1, 1] (Avg: 1, Id: 1782200897, Monitors: 3/0/0)
 (HighWater & X (Broken R HighWater))
    Min: [0, 0] (Avg: 0, Id: 1782200897, Monitors: 0/3/0)
    Max: [0, 0.36] (Avg: 0.14, Id: 1788649407, Monitors: 1/6/0)
 (!Broken | !PumpOn)
    Min: [1, 1] (Avg: 1, Id: 1782200897, Monitors: 3/0/0)
    Max: [1, 1] (Avg: 1, Id: 1782200897, Monitors: 3/0/0)
---
 (HighWater -> X (PumpOn U !HighWater))
    Min: [0.68, 1] (Avg: 0.88, Id: 1788649407, Monitors: 7/1/0)
    Max: [1, 1] (Avg: 1, Id: 1782200897, Monitors: 4/0/0)
 (HighWater & X (Broken R HighWater))
    Min: [0, 0] (Avg: 0, Id: 1782200897, Monitors: 0/4/0)
    Max: [0, 0.32] (Avg: 0.13, Id: 1788649407, Monitors: 1/7/0)
 (!Broken | !PumpOn)
    Min: [1, 1] (Avg: 1, Id: 1782200897, Monitors: 4/0/0)
    Max: [1, 1] (Avg: 1, Id: 1782200897, Monitors: 4/0/0)
---
 (HighWater -> X (PumpOn U !HighWater))
    Min: [0.83, 0.93] (Avg: 0.88, Id: 1782213087, Monitors: 88/12/0)
    Max: [1, 1] (Avg: 1, Id: 1782200897, Monitors: 4/0/0)
 (HighWater & X (Broken R HighWater))
    Min: [0, 0] (Avg: 0, Id: 1782200897, Monitors: 0/4/0)
    Max: [0.07, 0.17] (Avg: 0.12, Id: 1782213087, Monitors: 12/88/0)
 (!Broken | !PumpOn)
    Min: [1, 1] (Avg: 1, Id: 1782200897, Monitors: 4/0/0)
    Max: [1, 1] (Avg: 1, Id: 1782200897, Monitors: 4/0/0)
---
 (HighWater -> X (PumpOn U !HighWater))
    Min: [0.83, 0.93] (Avg: 0.88, Id: 1782213087, Monitors: 88/12/2)
    Max: [1, 1] (Avg: 1, Id: 1782200897, Monitors: 4/0/0)
 (HighWater & X (Broken R HighWater))
    Min: [0, 0] (Avg: 0, Id: 1782200897, Monitors: 0/4/0)
    Max: [0.07, 0.17] (Avg: 0.12, Id: 1782213087, Monitors: 12/88/2)
 (!Broken | !PumpOn)
    Min: [1, 1] (Avg: 1, Id: 1782200897, Monitors: 4/0/0)
    Max: [1, 1] (Avg: 1, Id: 1782200897, Monitors: 4/0/0)
---
 (HighWater -> X (PumpOn U !HighWater))
    Min: [0.83, 0.93] (Avg: 0.88, Id: 1782213087, Monitors: 88/12/1)
    Max: [1, 1] (Avg: 1, Id: 1782200897, Monitors: 4/0/0)
 (HighWater & X (Broken R HighWater))
    Min: [0, 0] (Avg: 0, Id: 1782200897, Monitors: 0/4/0)
    Max: [0.07, 0.17] (Avg: 0.12, Id: 1782213087, Monitors: 12/88/1)
 (!Broken | !PumpOn)
    Min: [1, 1] (Avg: 1, Id: 1782200897, Monitors: 4/0/0)
    Max: [1, 1] (Avg: 1, Id: 1782200897, Monitors: 4/0/0)
---
 (HighWater -> X (PumpOn U !HighWater))
    Min: [0.74, 1] (Avg: 0.9, Id: 1788649407, Monitors: 9/1/0)
    Max: [1, 1] (Avg: 1, Id: 1782200897, Monitors: 4/0/0)
 (HighWater & X (Broken R HighWater))
    Min: [0, 0] (Avg: 0, Id: 1782200897, Monitors: 0/4/0)
    Max: [0, 0.26] (Avg: 0.1, Id: 1788649407, Monitors: 1/9/0)
 (!Broken | !PumpOn)
    Min: [1, 1] (Avg: 1, Id: 1782200897, Monitors: 4/0/0)
    Max: [1, 1] (Avg: 1, Id: 1782200897, Monitors: 4/0/0)
---
 (HighWater -> X (PumpOn U !HighWater))
    Min: [0.8, 0.92] (Avg: 0.86, Id: 1782213087, Monitors: 86/14/0)
    Max: [1, 1] (Avg: 1, Id: 1782200897, Monitors: 5/0/0)
 (HighWater & X (Broken R HighWater))
    Min: [0, 0] (Avg: 0, Id: 1782200897, Monitors: 0/5/0)
    Max: [0.08, 0.2] (Avg: 0.14, Id: 1782213087, Monitors: 14/86/0)
 (!Broken | !PumpOn)
    Min: [1, 1] (Avg: 1, Id: 1782200897, Monitors: 5/0/0)
    Max: [1, 1] (Avg: 1, Id: 1782200897, Monitors: 5/0/0)
---
 (HighWater -> X (PumpOn U !HighWater))
    Min: [0.83, 0.93] (Avg: 0.88, Id: 1782213087, Monitors: 88/12/1)
    Max: [1, 1] (Avg: 1, Id: 1782200897, Monitors: 5/0/0)
 (HighWater & X (Broken R HighWater))
    Min: [0, 0] (Avg: 0, Id: 1782200897, Monitors: 0/5/0)
    Max: [0.07, 0.17] (Avg: 0.12, Id: 1782213087, Monitors: 12/88/1)
 (!Broken | !PumpOn)
    Min: [1, 1] (Avg: 1, Id: 1782200897, Monitors: 5/0/0)
    Max: [1, 1] (Avg: 1, Id: 1782200897, Monitors: 5/0/0)
---
 (HighWater -> X (PumpOn U !HighWater))
    Min: [0.83, 0.93] (Avg: 0.88, Id: 1782213087, Monitors: 88/12/0)
    Max: [1, 1] (Avg: 1, Id: 1782200897, Monitors: 5/0/0)
 (HighWater & X (Broken R HighWater))
    Min: [0, 0] (Avg: 0, Id: 1782200897, Monitors: 0/5/0)
    Max: [0.07, 0.17] (Avg: 0.12, Id: 1782213087, Monitors: 12/88/0)
 (!Broken | !PumpOn)
    Min: [1, 1] (Avg: 1, Id: 1782200897, Monitors: 5/0/0)
    Max: [1, 1] (Avg: 1, Id: 1782200897, Monitors: 5/0/0)
---
 (HighWater -> X (PumpOn U !HighWater))
    Min: [0.78, 0.9] (Avg: 0.84, Id: 1782213087, Monitors: 84/16/0)
    Max: [1, 1] (Avg: 1, Id: 1782200897, Monitors: 9/0/0)
 (HighWater & X (Broken R HighWater))
    Min: [0, 0] (Avg: 0, Id: 1782200897, Monitors: 0/9/0)
    Max: [0.1, 0.22] (Avg: 0.16, Id: 1782213087, Monitors: 16/84/0)
 (!Broken | !PumpOn)
    Min: [1, 1] (Avg: 1, Id: 1782200897, Monitors: 9/0/0)
    Max: [1, 1] (Avg: 1, Id: 1782200897, Monitors: 9/0/0)
---
 (HighWater -> X (PumpOn U !HighWater))
    Min: [0.75, 0.87] (Avg: 0.81, Id: 1782213087, Monitors: 81/19/0)
    Max: [1, 1] (Avg: 1, Id: 1782200897, Monitors: 11/0/0)
 (HighWater & X (Broken R HighWater))
    Min: [0, 0] (Avg: 0, Id: 1782200897, Monitors: 0/11/0)
    Max: [0.13, 0.25] (Avg: 0.19, Id: 1782213087, Monitors: 19/81/0)
 (!Broken | !PumpOn)
    Min: [1, 1] (Avg: 1, Id: 1782200897, Monitors: 11/0/0)
    Max: [1, 1] (Avg: 1, Id: 1782200897, Monitors: 11/0/0)
---
 (HighWater -> X (PumpOn U !HighWater))
    Min: [0.76, 0.88] (Avg: 0.82, Id: 1782213087, Monitors: 82/18/1)
    Max: [1, 1] (Avg: 1, Id: 1782200897, Monitors: 11/0/0)
 (HighWater & X (Broken R HighWater))
    Min: [0, 0] (Avg: 0, Id: 1782200897, Monitors: 0/11/0)
    Max: [0.12, 0.24] (Avg: 0.18, Id: 1782213087, Monitors: 18/82/1)
 (!Broken | !PumpOn)
    Min: [1, 1] (Avg: 1, Id: 1782200897, Monitors: 11/0/0)
    Max: [1, 1] (Avg: 1, Id: 1782200897, Monitors: 11/0/0)
---
 (HighWater -> X (PumpOn U !HighWater))
    Min: [0.76, 0.88] (Avg: 0.82, Id: 1782213087, Monitors: 82/18/0)
    Max: [1, 1] (Avg: 1, Id: 1782200897, Monitors: 12/0/0)
 (HighWater & X (Broken R HighWater))
    Min: [0, 0] (Avg: 0, Id: 1782200897, Monitors: 0/12/0)
    Max: [0.12, 0.24] (Avg: 0.18, Id: 1782213087, Monitors: 18/82/0)
 (!Broken | !PumpOn)
    Min: [1, 1] (Avg: 1, Id: 1782200897, Monitors: 12/0/0)
    Max: [1, 1] (Avg: 1, Id: 1782200897, Monitors: 12/0/0)
---
 (HighWater -> X (PumpOn U !HighWater))
    Min: [0.76, 0.88] (Avg: 0.82, Id: 1782213087, Monitors: 82/18/3)
    Max: [1, 1] (Avg: 1, Id: 1782200897, Monitors: 12/0/0)
 (HighWater & X (Broken R HighWater))
    Min: [0, 0] (Avg: 0, Id: 1782200897, Monitors: 0/12/0)
    Max: [0.12, 0.24] (Avg: 0.18, Id: 1782213087, Monitors: 18/82/3)
 (!Broken | !PumpOn)
    Min: [1, 1] (Avg: 1, Id: 1782200897, Monitors: 12/0/0)
    Max: [1, 1] (Avg: 1, Id: 1782200897, Monitors: 12/0/0)
---
 (HighWater -> X (PumpOn U !HighWater))
    Min: [0.77, 0.89] (Avg: 0.83, Id: 1782213087, Monitors: 83/17/2)
    Max: [1, 1] (Avg: 1, Id: 1782200897, Monitors: 13/0/0)
 (HighWater & X (Broken R HighWater))
    Min: [0, 0] (Avg: 0, Id: 1782200897, Monitors: 0/13/0)
    Max: [0.11, 0.23] (Avg: 0.17, Id: 1782213087, Monitors: 17/83/2)
 (!Broken | !PumpOn)
    Min: [1, 1] (Avg: 1, Id: 1782200897, Monitors: 13/0/0)
    Max: [1, 1] (Avg: 1, Id: 1782200897, Monitors: 13/0/0)
---
 (HighWater -> X (PumpOn U !HighWater))
    Min: [0.76, 0.88] (Avg: 0.82, Id: 1782213087, Monitors: 82/18/3)
    Max: [1, 1] (Avg: 1, Id: 1782200897, Monitors: 13/0/0)
 (HighWater & X (Broken R HighWater))
    Min: [0, 0] (Avg: 0, Id: 1782200897, Monitors: 0/13/0)
System.InvalidOperationException: Collection was modified after the enumerator was instantiated.
  at System.Collections.Generic.LinkedList`1+Enumerator[T].MoveNext () [0x00093] in /private/tmp/source-mono-4.4.0/bockbuild-mono-4.4.0-branch/profiles/mono-mac-xamarin/build-root/mono-x86/external/referencesource/System/compmod/system/collections/generic/linkedlist.cs:533 
  at System.Linq.Enumerable.Count[TSource] (IEnumerable`1 source, System.Func`2 predicate) [0x00043] in /private/tmp/source-mono-4.4.0/bockbuild-mono-4.4.0-branch/profiles/mono-mac-xamarin/build-root/mono-x86/external/referencesource/System.Core/System/Linq/Enumerable.cs:1212 
  at LtlSharp.FiniteStateInformationStorage+BoundedStateInformation.get_Positive () [0x00024] in /Users/acailliau/Development/LtlSharp/LtlSharp/Monitoring/Storage/FiniteStateInformationStorage.cs:18 
  at LtlSharp.FiniteStateInformationStorage+BoundedStateInformation.get_Mean () [0x00023] in /Users/acailliau/Development/LtlSharp/LtlSharp/Monitoring/Storage/FiniteStateInformationStorage.cs:36 
  at LtlSharp.FiniteStateInformationStorage+BoundedStateInformation.get_StdDev () [0x00032] in /Users/acailliau/Development/LtlSharp/LtlSharp/Monitoring/Storage/FiniteStateInformationStorage.cs:43 
  at Simulator.SummaryProcessor.Process (Simulator.Monitor monitor) [0x001c2] in /Users/acailliau/Projects/MinePump/Simulator/MonitorProcessor/SummaryProcessor.cs:36 
---
 (HighWater -> X (PumpOn U !HighWater))
    Min: [0.71, 0.85] (Avg: 0.78, Id: 1782213087, Monitors: 78/22/1)
    Max: [1, 1] (Avg: 1, Id: 1782200897, Monitors: 15/0/0)
 (HighWater & X (Broken R HighWater))
    Min: [0, 0] (Avg: 0, Id: 1782200897, Monitors: 0/15/0)
    Max: [0.15, 0.29] (Avg: 0.22, Id: 1782213087, Monitors: 22/78/1)
 (!Broken | !PumpOn)
    Min: [1, 1] (Avg: 1, Id: 1782200897, Monitors: 15/0/0)
    Max: [1, 1] (Avg: 1, Id: 1782200897, Monitors: 15/0/0)
---
 (HighWater -> X (PumpOn U !HighWater))
    Min: [0.68, 0.82] (Avg: 0.75, Id: 1782213087, Monitors: 75/25/3)
    Max: [1, 1] (Avg: 1, Id: 1782200897, Monitors: 16/0/0)
 (HighWater & X (Broken R HighWater))
    Min: [0, 0] (Avg: 0, Id: 1782200897, Monitors: 0/16/0)
    Max: [0.18, 0.32] (Avg: 0.25, Id: 1782213087, Monitors: 25/75/3)
 (!Broken | !PumpOn)
    Min: [1, 1] (Avg: 1, Id: 1782200897, Monitors: 16/0/0)
    Max: [1, 1] (Avg: 1, Id: 1782200897, Monitors: 16/0/0)
---
 (HighWater -> X (PumpOn U !HighWater))
    Min: [0.78, 0.9] (Avg: 0.84, Id: 1782213087, Monitors: 84/16/1)
    Max: [1, 1] (Avg: 1, Id: 1782200897, Monitors: 18/0/0)
 (HighWater & X (Broken R HighWater))
    Min: [0, 0] (Avg: 0, Id: 1782200897, Monitors: 0/18/0)
    Max: [0.1, 0.22] (Avg: 0.16, Id: 1782213087, Monitors: 16/84/1)
 (!Broken | !PumpOn)
    Min: [1, 1] (Avg: 1, Id: 1782200897, Monitors: 18/0/0)
    Max: [1, 1] (Avg: 1, Id: 1782200897, Monitors: 18/0/0)
---
 (HighWater -> X (PumpOn U !HighWater))
    Min: [0.83, 0.93] (Avg: 0.88, Id: 1782213087, Monitors: 88/12/0)
    Max: [1, 1] (Avg: 1, Id: 1782200897, Monitors: 18/0/0)
 (HighWater & X (Broken R HighWater))
    Min: [0, 0] (Avg: 0, Id: 1782200897, Monitors: 0/18/0)
    Max: [0.07, 0.17] (Avg: 0.12, Id: 1782213087, Monitors: 12/88/0)
 (!Broken | !PumpOn)
    Min: [1, 1] (Avg: 1, Id: 1782200897, Monitors: 18/0/0)
    Max: [1, 1] (Avg: 1, Id: 1782200897, Monitors: 18/0/0)
---
 (HighWater -> X (PumpOn U !HighWater))
    Min: [0.8, 0.92] (Avg: 0.86, Id: 1782213087, Monitors: 86/14/0)
    Max: [1, 1] (Avg: 1, Id: 1782200897, Monitors: 19/0/0)
 (HighWater & X (Broken R HighWater))
    Min: [0, 0] (Avg: 0, Id: 1782200897, Monitors: 0/19/0)
    Max: [0.08, 0.2] (Avg: 0.14, Id: 1782213087, Monitors: 14/86/0)
 (!Broken | !PumpOn)
    Min: [1, 1] (Avg: 1, Id: 1782200897, Monitors: 19/0/0)
    Max: [1, 1] (Avg: 1, Id: 1782200897, Monitors: 19/0/0)
---
 (HighWater -> X (PumpOn U !HighWater))
    Min: [0.77, 0.89] (Avg: 0.83, Id: 1782213087, Monitors: 83/17/0)
    Max: [1, 1] (Avg: 1, Id: 1782200897, Monitors: 20/0/0)
 (HighWater & X (Broken R HighWater))
    Min: [0, 0] (Avg: 0, Id: 1782200897, Monitors: 0/20/0)
    Max: [0.11, 0.23] (Avg: 0.17, Id: 1782213087, Monitors: 17/83/0)
 (!Broken | !PumpOn)
    Min: [1, 1] (Avg: 1, Id: 1782200897, Monitors: 20/0/0)
    Max: [1, 1] (Avg: 1, Id: 1782200897, Monitors: 20/0/0)
---
 (HighWater -> X (PumpOn U !HighWater))
    Min: [0.77, 0.89] (Avg: 0.83, Id: 1782213087, Monitors: 83/17/2)
    Max: [1, 1] (Avg: 1, Id: 1782200897, Monitors: 22/0/0)
 (HighWater & X (Broken R HighWater))
    Min: [0, 0] (Avg: 0, Id: 1782200897, Monitors: 0/22/0)
    Max: [0.11, 0.23] (Avg: 0.17, Id: 1782213087, Monitors: 17/83/2)
 (!Broken | !PumpOn)
    Min: [1, 1] (Avg: 1, Id: 1782200897, Monitors: 22/0/0)
    Max: [1, 1] (Avg: 1, Id: 1782200897, Monitors: 22/0/0)
---
 (HighWater -> X (PumpOn U !HighWater))
    Min: [0.79, 0.91] (Avg: 0.85, Id: 1782213087, Monitors: 85/15/1)
    Max: [1, 1] (Avg: 1, Id: 1782200897, Monitors: 22/0/0)
 (HighWater & X (Broken R HighWater))
    Min: [0, 0] (Avg: 0, Id: 1782200897, Monitors: 0/22/0)
    Max: [0.09, 0.21] (Avg: 0.15, Id: 1782213087, Monitors: 15/85/1)
 (!Broken | !PumpOn)
    Min: [1, 1] (Avg: 1, Id: 1782200897, Monitors: 22/0/0)
    Max: [1, 1] (Avg: 1, Id: 1782200897, Monitors: 22/0/0)
---
 (HighWater -> X (PumpOn U !HighWater))
    Min: [0.81, 0.93] (Avg: 0.87, Id: 1782213087, Monitors: 87/13/3)
    Max: [1, 1] (Avg: 1, Id: 1782200897, Monitors: 23/0/0)
 (HighWater & X (Broken R HighWater))
    Min: [0, 0] (Avg: 0, Id: 1782200897, Monitors: 0/23/0)
    Max: [0.07, 0.19] (Avg: 0.13, Id: 1782213087, Monitors: 13/87/3)
 (!Broken | !PumpOn)
    Min: [1, 1] (Avg: 1, Id: 1782200897, Monitors: 23/0/0)
    Max: [1, 1] (Avg: 1, Id: 1782200897, Monitors: 23/0/0)
---
 (HighWater -> X (PumpOn U !HighWater))
    Min: [0.86, 0.96] (Avg: 0.91, Id: 1782213087, Monitors: 91/9/0)
    Max: [1, 1] (Avg: 1, Id: 1782200897, Monitors: 23/0/0)
 (HighWater & X (Broken R HighWater))
    Min: [0, 0] (Avg: 0, Id: 1782200897, Monitors: 0/23/0)
    Max: [0.04, 0.14] (Avg: 0.09, Id: 1782213087, Monitors: 9/91/0)
 (!Broken | !PumpOn)
    Min: [1, 1] (Avg: 1, Id: 1782200897, Monitors: 23/0/0)
    Max: [1, 1] (Avg: 1, Id: 1782200897, Monitors: 23/0/0)
---
 (HighWater -> X (PumpOn U !HighWater))
    Min: [0.89, 0.97] (Avg: 0.93, Id: 1782213087, Monitors: 93/7/0)
    Max: [1, 1] (Avg: 1, Id: 1782200897, Monitors: 23/0/0)
 (HighWater & X (Broken R HighWater))
    Min: [0, 0] (Avg: 0, Id: 1782200897, Monitors: 0/23/0)
    Max: [0.03, 0.11] (Avg: 0.07, Id: 1782213087, Monitors: 7/93/0)
 (!Broken | !PumpOn)
    Min: [1, 1] (Avg: 1, Id: 1782200897, Monitors: 23/0/0)
    Max: [1, 1] (Avg: 1, Id: 1782200897, Monitors: 23/0/0)
---
 (HighWater -> X (PumpOn U !HighWater))
    Min: [0.89, 0.97] (Avg: 0.93, Id: 1782213087, Monitors: 93/7/4)
    Max: [1, 1] (Avg: 1, Id: 1782200897, Monitors: 23/0/0)
 (HighWater & X (Broken R HighWater))
    Min: [0, 0] (Avg: 0, Id: 1782200897, Monitors: 0/23/0)
    Max: [0.03, 0.11] (Avg: 0.07, Id: 1782213087, Monitors: 7/93/4)
 (!Broken | !PumpOn)
    Min: [1, 1] (Avg: 1, Id: 1782200897, Monitors: 23/0/0)
    Max: [1, 1] (Avg: 1, Id: 1782200897, Monitors: 23/0/0)
---
 (HighWater -> X (PumpOn U !HighWater))
    Min: [0.88, 0.96] (Avg: 0.92, Id: 1782213087, Monitors: 92/8/0)
    Max: [1, 1] (Avg: 1, Id: 1782200897, Monitors: 23/0/0)
 (HighWater & X (Broken R HighWater))
    Min: [0, 0] (Avg: 0, Id: 1782200897, Monitors: 0/23/0)
    Max: [0.04, 0.12] (Avg: 0.08, Id: 1782213087, Monitors: 8/92/0)
 (!Broken | !PumpOn)
    Min: [1, 1] (Avg: 1, Id: 1782200897, Monitors: 23/0/0)
    Max: [1, 1] (Avg: 1, Id: 1782200897, Monitors: 23/0/0)
---
 (HighWater -> X (PumpOn U !HighWater))
    Min: [0.89, 0.97] (Avg: 0.93, Id: 1782213087, Monitors: 93/7/1)
    Max: [1, 1] (Avg: 1, Id: 1782200897, Monitors: 25/0/0)
 (HighWater & X (Broken R HighWater))
    Min: [0, 0] (Avg: 0, Id: 1782200897, Monitors: 0/25/0)
    Max: [0.03, 0.11] (Avg: 0.07, Id: 1782213087, Monitors: 7/93/1)
 (!Broken | !PumpOn)
    Min: [1, 1] (Avg: 1, Id: 1782200897, Monitors: 25/0/0)
    Max: [1, 1] (Avg: 1, Id: 1782200897, Monitors: 25/0/0)
---
 (HighWater -> X (PumpOn U !HighWater))
    Min: [0.91, 1] (Avg: 0.96, Id: 1788649407, Monitors: 48/2/0)
    Max: [1, 1] (Avg: 1, Id: 1782200897, Monitors: 25/0/0)
 (HighWater & X (Broken R HighWater))
    Min: [0, 0] (Avg: 0, Id: 1782200897, Monitors: 0/25/0)
    Max: [0, 0.09] (Avg: 0.04, Id: 1788649407, Monitors: 2/48/0)
 (!Broken | !PumpOn)
    Min: [1, 1] (Avg: 1, Id: 1782200897, Monitors: 25/0/0)
    Max: [1, 1] (Avg: 1, Id: 1782200897, Monitors: 25/0/0)
---
 (HighWater -> X (PumpOn U !HighWater))
    Min: [0.91, 1] (Avg: 0.96, Id: 1788649407, Monitors: 48/2/1)
    Max: [1, 1] (Avg: 1, Id: 1782200897, Monitors: 25/0/0)
 (HighWater & X (Broken R HighWater))
    Min: [0, 0] (Avg: 0, Id: 1782200897, Monitors: 0/25/0)
    Max: [0, 0.09] (Avg: 0.04, Id: 1788649407, Monitors: 2/48/1)
 (!Broken | !PumpOn)
    Min: [1, 1] (Avg: 1, Id: 1782200897, Monitors: 25/0/0)
    Max: [1, 1] (Avg: 1, Id: 1782200897, Monitors: 25/0/0)
---
 (HighWater -> X (PumpOn U !HighWater))
    Min: [0.92, 1] (Avg: 0.96, Id: 1788649407, Monitors: 49/2/0)
    Max: [1, 1] (Avg: 1, Id: 1782200897, Monitors: 25/0/0)
 (HighWater & X (Broken R HighWater))
    Min: [0, 0] (Avg: 0, Id: 1782200897, Monitors: 0/25/0)
    Max: [0, 0.08] (Avg: 0.04, Id: 1788649407, Monitors: 2/49/0)
 (!Broken | !PumpOn)
    Min: [1, 1] (Avg: 1, Id: 1782200897, Monitors: 25/0/0)
    Max: [1, 1] (Avg: 1, Id: 1782200897, Monitors: 25/0/0)
---
 (HighWater -> X (PumpOn U !HighWater))
    Min: [0.92, 1] (Avg: 0.96, Id: 1788649407, Monitors: 50/2/0)
    Max: [1, 1] (Avg: 1, Id: 1782200897, Monitors: 25/0/0)
 (HighWater & X (Broken R HighWater))
    Min: [0, 0] (Avg: 0, Id: 1782200897, Monitors: 0/25/0)
    Max: [0, 0.08] (Avg: 0.04, Id: 1788649407, Monitors: 2/50/0)
 (!Broken | !PumpOn)
    Min: [1, 1] (Avg: 1, Id: 1782200897, Monitors: 25/0/0)
    Max: [1, 1] (Avg: 1, Id: 1782200897, Monitors: 25/0/0)
---
 (HighWater -> X (PumpOn U !HighWater))
    Min: [0.93, 0.99] (Avg: 0.96, Id: 1782213087, Monitors: 96/4/1)
    Max: [1, 1] (Avg: 1, Id: 1782200897, Monitors: 25/0/0)
 (HighWater & X (Broken R HighWater))
    Min: [0, 0] (Avg: 0, Id: 1782200897, Monitors: 0/25/0)
    Max: [0.01, 0.07] (Avg: 0.04, Id: 1782213087, Monitors: 4/96/1)
 (!Broken | !PumpOn)
    Min: [1, 1] (Avg: 1, Id: 1782200897, Monitors: 25/0/0)
    Max: [1, 1] (Avg: 1, Id: 1782200897, Monitors: 25/0/0)
---
 (HighWater -> X (PumpOn U !HighWater))
    Min: [0.93, 0.99] (Avg: 0.96, Id: 1782213087, Monitors: 96/4/3)
    Max: [1, 1] (Avg: 1, Id: 1782200897, Monitors: 25/0/0)
 (HighWater & X (Broken R HighWater))
    Min: [0, 0] (Avg: 0, Id: 1782200897, Monitors: 0/25/0)
    Max: [0.01, 0.07] (Avg: 0.04, Id: 1782213087, Monitors: 4/96/3)
 (!Broken | !PumpOn)
    Min: [1, 1] (Avg: 1, Id: 1782200897, Monitors: 25/0/0)
    Max: [1, 1] (Avg: 1, Id: 1782200897, Monitors: 25/0/0)
---
 (HighWater -> X (PumpOn U !HighWater))
    Min: [0.92, 1] (Avg: 0.96, Id: 1788649407, Monitors: 52/2/0)
    Max: [1, 1] (Avg: 1, Id: 1782200897, Monitors: 25/0/0)
 (HighWater & X (Broken R HighWater))
    Min: [0, 0] (Avg: 0, Id: 1782200897, Monitors: 0/25/0)
    Max: [0, 0.08] (Avg: 0.04, Id: 1788649407, Monitors: 2/52/0)
 (!Broken | !PumpOn)
    Min: [1, 1] (Avg: 1, Id: 1782200897, Monitors: 25/0/0)
    Max: [1, 1] (Avg: 1, Id: 1782200897, Monitors: 25/0/0)
---
 (HighWater -> X (PumpOn U !HighWater))
    Min: [0.92, 1] (Avg: 0.96, Id: 1788649407, Monitors: 53/2/0)
    Max: [1, 1] (Avg: 1, Id: 1782200897, Monitors: 26/0/0)
 (HighWater & X (Broken R HighWater))
    Min: [0, 0] (Avg: 0, Id: 1782200897, Monitors: 0/26/0)
    Max: [0, 0.08] (Avg: 0.04, Id: 1788649407, Monitors: 2/53/0)
 (!Broken | !PumpOn)
    Min: [1, 1] (Avg: 1, Id: 1782200897, Monitors: 26/0/0)
    Max: [1, 1] (Avg: 1, Id: 1782200897, Monitors: 26/0/0)
---
 (HighWater -> X (PumpOn U !HighWater))
    Min: [0.92, 1] (Avg: 0.96, Id: 1788649407, Monitors: 54/2/0)
    Max: [1, 1] (Avg: 1, Id: 1782200897, Monitors: 26/0/0)
 (HighWater & X (Broken R HighWater))
    Min: [0, 0] (Avg: 0, Id: 1782200897, Monitors: 0/26/0)
    Max: [0, 0.08] (Avg: 0.04, Id: 1788649407, Monitors: 2/54/0)
 (!Broken | !PumpOn)
    Min: [1, 1] (Avg: 1, Id: 1782200897, Monitors: 26/0/0)
    Max: [1, 1] (Avg: 1, Id: 1782200897, Monitors: 26/0/0)
---
 (HighWater -> X (PumpOn U !HighWater))
    Min: [0.93, 0.99] (Avg: 0.96, Id: 1782213087, Monitors: 96/4/2)
    Max: [1, 1] (Avg: 1, Id: 1782200897, Monitors: 27/0/0)
 (HighWater & X (Broken R HighWater))
    Min: [0, 0] (Avg: 0, Id: 1782200897, Monitors: 0/27/0)
    Max: [0.01, 0.07] (Avg: 0.04, Id: 1782213087, Monitors: 4/96/2)
 (!Broken | !PumpOn)
    Min: [1, 1] (Avg: 1, Id: 1782200897, Monitors: 27/0/0)
    Max: [1, 1] (Avg: 1, Id: 1782200897, Monitors: 27/0/0)
---
 (HighWater -> X (PumpOn U !HighWater))
    Min: [0.91, 0.99] (Avg: 0.95, Id: 1782213087, Monitors: 95/5/1)
    Max: [1, 1] (Avg: 1, Id: 1782200897, Monitors: 27/0/0)
 (HighWater & X (Broken R HighWater))
    Min: [0, 0] (Avg: 0, Id: 1782200897, Monitors: 0/27/0)
    Max: [0.01, 0.09] (Avg: 0.05, Id: 1782213087, Monitors: 5/95/1)
 (!Broken | !PumpOn)
    Min: [1, 1] (Avg: 1, Id: 1782200897, Monitors: 27/0/0)
    Max: [1, 1] (Avg: 1, Id: 1782200897, Monitors: 27/0/0)
---
 (HighWater -> X (PumpOn U !HighWater))
    Min: [0.91, 0.99] (Avg: 0.95, Id: 1782213087, Monitors: 95/5/1)
    Max: [1, 1] (Avg: 1, Id: 1782200897, Monitors: 27/0/0)
 (HighWater & X (Broken R HighWater))
    Min: [0, 0] (Avg: 0, Id: 1782200897, Monitors: 0/27/0)
    Max: [0.01, 0.09] (Avg: 0.05, Id: 1782213087, Monitors: 5/95/1)
 (!Broken | !PumpOn)
    Min: [1, 1] (Avg: 1, Id: 1782200897, Monitors: 27/0/0)
    Max: [1, 1] (Avg: 1, Id: 1782200897, Monitors: 27/0/0)
---
 (HighWater -> X (PumpOn U !HighWater))
    Min: [0.93, 1] (Avg: 0.97, Id: 1788649407, Monitors: 58/2/1)
    Max: [1, 1] (Avg: 1, Id: 1782200897, Monitors: 27/0/0)
 (HighWater & X (Broken R HighWater))
    Min: [0, 0] (Avg: 0, Id: 1782200897, Monitors: 0/27/0)
    Max: [0, 0.07] (Avg: 0.03, Id: 1788649407, Monitors: 2/58/1)
 (!Broken | !PumpOn)
    Min: [1, 1] (Avg: 1, Id: 1782200897, Monitors: 27/0/0)
    Max: [1, 1] (Avg: 1, Id: 1782200897, Monitors: 27/0/0)
---
 (HighWater -> X (PumpOn U !HighWater))
    Min: [0.93, 1] (Avg: 0.97, Id: 1788649407, Monitors: 61/2/0)
    Max: [1, 1] (Avg: 1, Id: 1782200897, Monitors: 29/0/0)
 (HighWater & X (Broken R HighWater))
    Min: [0, 0] (Avg: 0, Id: 1782200897, Monitors: 0/29/0)
    Max: [0, 0.07] (Avg: 0.03, Id: 1788649407, Monitors: 2/61/0)
 (!Broken | !PumpOn)
    Min: [1, 1] (Avg: 1, Id: 1782200897, Monitors: 29/0/0)
    Max: [1, 1] (Avg: 1, Id: 1782200897, Monitors: 29/0/0)
---
 (HighWater -> X (PumpOn U !HighWater))
    Min: [0.93, 0.99] (Avg: 0.96, Id: 1782213087, Monitors: 96/4/0)
    Max: [1, 1] (Avg: 1, Id: 1782200897, Monitors: 30/0/0)
 (HighWater & X (Broken R HighWater))
    Min: [0, 0] (Avg: 0, Id: 1782200897, Monitors: 0/30/0)
    Max: [0.01, 0.07] (Avg: 0.04, Id: 1782213087, Monitors: 4/96/0)
 (!Broken | !PumpOn)
    Min: [1, 1] (Avg: 1, Id: 1782200897, Monitors: 30/0/0)
    Max: [1, 1] (Avg: 1, Id: 1782200897, Monitors: 30/0/0)
---
 (HighWater -> X (PumpOn U !HighWater))
    Min: [0.89, 0.97] (Avg: 0.93, Id: 1782213087, Monitors: 93/7/0)
    Max: [1, 1] (Avg: 1, Id: 1782200897, Monitors: 31/0/0)
 (HighWater & X (Broken R HighWater))
    Min: [0, 0] (Avg: 0, Id: 1782200897, Monitors: 0/31/0)
    Max: [0.03, 0.11] (Avg: 0.07, Id: 1782213087, Monitors: 7/93/0)
 (!Broken | !PumpOn)
    Min: [1, 1] (Avg: 1, Id: 1782200897, Monitors: 31/0/0)
    Max: [1, 1] (Avg: 1, Id: 1782200897, Monitors: 31/0/0)
---
 (HighWater -> X (PumpOn U !HighWater))
    Min: [0.89, 0.97] (Avg: 0.93, Id: 1782213087, Monitors: 93/7/0)
    Max: [1, 1] (Avg: 1, Id: 1782200897, Monitors: 31/0/0)
 (HighWater & X (Broken R HighWater))
    Min: [0, 0] (Avg: 0, Id: 1782200897, Monitors: 0/31/0)
    Max: [0.03, 0.11] (Avg: 0.07, Id: 1782213087, Monitors: 7/93/0)
 (!Broken | !PumpOn)
    Min: [1, 1] (Avg: 1, Id: 1782200897, Monitors: 31/0/0)
    Max: [1, 1] (Avg: 1, Id: 1782200897, Monitors: 31/0/0)
---
 (HighWater -> X (PumpOn U !HighWater))
    Min: [0.9, 0.98] (Avg: 0.94, Id: 1782213087, Monitors: 94/6/1)
    Max: [1, 1] (Avg: 1, Id: 1782200897, Monitors: 31/0/0)
 (HighWater & X (Broken R HighWater))
    Min: [0, 0] (Avg: 0, Id: 1782200897, Monitors: 0/31/0)
    Max: [0.02, 0.1] (Avg: 0.06, Id: 1782213087, Monitors: 6/94/1)
 (!Broken | !PumpOn)
    Min: [1, 1] (Avg: 1, Id: 1782200897, Monitors: 31/0/0)
    Max: [1, 1] (Avg: 1, Id: 1782200897, Monitors: 31/0/0)
---
 (HighWater -> X (PumpOn U !HighWater))
    Min: [0.91, 0.99] (Avg: 0.95, Id: 1782213087, Monitors: 95/5/1)
    Max: [1, 1] (Avg: 1, Id: 1782200897, Monitors: 32/0/0)
 (HighWater & X (Broken R HighWater))
    Min: [0, 0] (Avg: 0, Id: 1782200897, Monitors: 0/32/0)
    Max: [0.01, 0.09] (Avg: 0.05, Id: 1782213087, Monitors: 5/95/1)
 (!Broken | !PumpOn)
    Min: [1, 1] (Avg: 1, Id: 1782200897, Monitors: 32/0/0)
    Max: [1, 1] (Avg: 1, Id: 1782200897, Monitors: 32/0/0)
---
 (HighWater -> X (PumpOn U !HighWater))
    Min: [0.92, 1] (Avg: 0.96, Id: 1788649407, Monitors: 66/3/0)
    Max: [1, 1] (Avg: 1, Id: 1782200897, Monitors: 32/0/0)
 (HighWater & X (Broken R HighWater))
    Min: [0, 0] (Avg: 0, Id: 1782200897, Monitors: 0/32/0)
    Max: [0, 0.08] (Avg: 0.04, Id: 1788649407, Monitors: 3/66/0)
 (!Broken | !PumpOn)
    Min: [1, 1] (Avg: 1, Id: 1782200897, Monitors: 32/0/0)
    Max: [1, 1] (Avg: 1, Id: 1782200897, Monitors: 32/0/0)
---
 (HighWater -> X (PumpOn U !HighWater))
    Min: [0.92, 1] (Avg: 0.96, Id: 1788649407, Monitors: 66/3/0)
    Max: [1, 1] (Avg: 1, Id: 1782200897, Monitors: 32/0/0)
 (HighWater & X (Broken R HighWater))
    Min: [0, 0] (Avg: 0, Id: 1782200897, Monitors: 0/32/0)
    Max: [0, 0.08] (Avg: 0.04, Id: 1788649407, Monitors: 3/66/0)
 (!Broken | !PumpOn)
    Min: [1, 1] (Avg: 1, Id: 1782200897, Monitors: 32/0/0)
    Max: [1, 1] (Avg: 1, Id: 1782200897, Monitors: 32/0/0)
---
 (HighWater -> X (PumpOn U !HighWater))
    Min: [0.92, 1] (Avg: 0.96, Id: 1788649407, Monitors: 67/3/0)
    Max: [1, 1] (Avg: 1, Id: 1782200897, Monitors: 33/0/0)
 (HighWater & X (Broken R HighWater))
    Min: [0, 0] (Avg: 0, Id: 1782200897, Monitors: 0/33/0)
    Max: [0, 0.08] (Avg: 0.04, Id: 1788649407, Monitors: 3/67/0)
 (!Broken | !PumpOn)
    Min: [1, 1] (Avg: 1, Id: 1782200897, Monitors: 33/0/0)
    Max: [1, 1] (Avg: 1, Id: 1782200897, Monitors: 33/0/0)
---
 (HighWater -> X (PumpOn U !HighWater))
    Min: [0.92, 1] (Avg: 0.96, Id: 1788649407, Monitors: 67/3/0)
    Max: [1, 1] (Avg: 1, Id: 1782200897, Monitors: 33/0/0)
 (HighWater & X (Broken R HighWater))
    Min: [0, 0] (Avg: 0, Id: 1782200897, Monitors: 0/33/0)
    Max: [0, 0.08] (Avg: 0.04, Id: 1788649407, Monitors: 3/67/0)
 (!Broken | !PumpOn)
    Min: [1, 1] (Avg: 1, Id: 1782200897, Monitors: 33/0/0)
    Max: [1, 1] (Avg: 1, Id: 1782200897, Monitors: 33/0/0)
---
 (HighWater -> X (PumpOn U !HighWater))
    Min: [0.92, 1] (Avg: 0.96, Id: 1788649407, Monitors: 70/3/0)
    Max: [1, 1] (Avg: 1, Id: 1782200897, Monitors: 35/0/0)
 (HighWater & X (Broken R HighWater))
    Min: [0, 0] (Avg: 0, Id: 1782200897, Monitors: 0/35/0)
    Max: [0, 0.08] (Avg: 0.04, Id: 1788649407, Monitors: 3/70/0)
 (!Broken | !PumpOn)
    Min: [1, 1] (Avg: 1, Id: 1782200897, Monitors: 35/0/0)
    Max: [1, 1] (Avg: 1, Id: 1782200897, Monitors: 35/0/0)
---
 (HighWater -> X (PumpOn U !HighWater))
    Min: [0.91, 0.99] (Avg: 0.95, Id: 1782213087, Monitors: 95/5/0)
    Max: [1, 1] (Avg: 1, Id: 1782200897, Monitors: 36/0/0)
 (HighWater & X (Broken R HighWater))
    Min: [0, 0] (Avg: 0, Id: 1782200897, Monitors: 0/36/0)
    Max: [0.01, 0.09] (Avg: 0.05, Id: 1782213087, Monitors: 5/95/0)
 (!Broken | !PumpOn)
    Min: [1, 1] (Avg: 1, Id: 1782200897, Monitors: 36/0/0)
    Max: [1, 1] (Avg: 1, Id: 1782200897, Monitors: 36/0/0)
---
 (HighWater -> X (PumpOn U !HighWater))
    Min: [0.88, 0.96] (Avg: 0.92, Id: 1782213087, Monitors: 92/8/0)
    Max: [1, 1] (Avg: 1, Id: 1782200897, Monitors: 38/0/0)
 (HighWater & X (Broken R HighWater))
    Min: [0, 0] (Avg: 0, Id: 1782200897, Monitors: 0/38/0)
    Max: [0.04, 0.12] (Avg: 0.08, Id: 1782213087, Monitors: 8/92/0)
 (!Broken | !PumpOn)
    Min: [1, 1] (Avg: 1, Id: 1782200897, Monitors: 38/0/0)
    Max: [1, 1] (Avg: 1, Id: 1782200897, Monitors: 38/0/0)
---
 (HighWater -> X (PumpOn U !HighWater))
    Min: [0.88, 0.96] (Avg: 0.92, Id: 1782213087, Monitors: 92/8/0)
    Max: [1, 1] (Avg: 1, Id: 1782200897, Monitors: 38/0/0)
 (HighWater & X (Broken R HighWater))
    Min: [0, 0] (Avg: 0, Id: 1782200897, Monitors: 0/38/0)
    Max: [0.04, 0.12] (Avg: 0.08, Id: 1782213087, Monitors: 8/92/0)
 (!Broken | !PumpOn)
    Min: [1, 1] (Avg: 1, Id: 1782200897, Monitors: 38/0/0)
    Max: [1, 1] (Avg: 1, Id: 1782200897, Monitors: 38/0/0)
---
 (HighWater -> X (PumpOn U !HighWater))
    Min: [0.86, 0.96] (Avg: 0.91, Id: 1782213087, Monitors: 91/9/2)
    Max: [1, 1] (Avg: 1, Id: 1782200897, Monitors: 38/0/0)
 (HighWater & X (Broken R HighWater))
    Min: [0, 0] (Avg: 0, Id: 1782200897, Monitors: 0/38/0)
    Max: [0.04, 0.14] (Avg: 0.09, Id: 1782213087, Monitors: 9/91/2)
 (!Broken | !PumpOn)
    Min: [1, 1] (Avg: 1, Id: 1782200897, Monitors: 38/0/0)
    Max: [1, 1] (Avg: 1, Id: 1782200897, Monitors: 38/0/0)
---
 (HighWater -> X (PumpOn U !HighWater))
    Min: [0.84, 0.94] (Avg: 0.89, Id: 1782213087, Monitors: 89/11/0)
    Max: [1, 1] (Avg: 1, Id: 1782200897, Monitors: 39/0/0)
 (HighWater & X (Broken R HighWater))
    Min: [0, 0] (Avg: 0, Id: 1782200897, Monitors: 0/39/0)
    Max: [0.06, 0.16] (Avg: 0.11, Id: 1782213087, Monitors: 11/89/0)
 (!Broken | !PumpOn)
    Min: [1, 1] (Avg: 1, Id: 1782200897, Monitors: 39/0/0)
    Max: [1, 1] (Avg: 1, Id: 1782200897, Monitors: 39/0/0)
---
 (HighWater -> X (PumpOn U !HighWater))
    Min: [0.84, 0.94] (Avg: 0.89, Id: 1782213087, Monitors: 89/11/0)
    Max: [1, 1] (Avg: 1, Id: 1782200897, Monitors: 39/0/0)
 (HighWater & X (Broken R HighWater))
    Min: [0, 0] (Avg: 0, Id: 1782200897, Monitors: 0/39/0)
    Max: [0.06, 0.16] (Avg: 0.11, Id: 1782213087, Monitors: 11/89/0)
 (!Broken | !PumpOn)
    Min: [1, 1] (Avg: 1, Id: 1782200897, Monitors: 39/0/0)
    Max: [1, 1] (Avg: 1, Id: 1782200897, Monitors: 39/0/0)
---
 (HighWater -> X (PumpOn U !HighWater))
    Min: [0.83, 0.93] (Avg: 0.88, Id: 1782213087, Monitors: 88/12/0)
    Max: [1, 1] (Avg: 1, Id: 1782200897, Monitors: 40/0/0)
 (HighWater & X (Broken R HighWater))
    Min: [0, 0] (Avg: 0, Id: 1782200897, Monitors: 0/40/0)
    Max: [0.07, 0.17] (Avg: 0.12, Id: 1782213087, Monitors: 12/88/0)
 (!Broken | !PumpOn)
    Min: [1, 1] (Avg: 1, Id: 1782200897, Monitors: 40/0/0)
    Max: [1, 1] (Avg: 1, Id: 1782200897, Monitors: 40/0/0)
---
 (HighWater -> X (PumpOn U !HighWater))
    Min: [0.81, 0.93] (Avg: 0.87, Id: 1782213087, Monitors: 87/13/9)
    Max: [1, 1] (Avg: 1, Id: 1782200897, Monitors: 40/0/0)
 (HighWater & X (Broken R HighWater))
    Min: [0, 0] (Avg: 0, Id: 1782200897, Monitors: 0/40/0)
    Max: [0.07, 0.19] (Avg: 0.13, Id: 1782213087, Monitors: 13/87/9)
 (!Broken | !PumpOn)
    Min: [1, 1] (Avg: 1, Id: 1782200897, Monitors: 40/0/0)
    Max: [1, 1] (Avg: 1, Id: 1782200897, Monitors: 40/0/0)
---
 (HighWater -> X (PumpOn U !HighWater))
    Min: [0.83, 0.93] (Avg: 0.88, Id: 1782213087, Monitors: 88/12/3)
    Max: [1, 1] (Avg: 1, Id: 1782200897, Monitors: 41/0/0)
 (HighWater & X (Broken R HighWater))
    Min: [0, 0] (Avg: 0, Id: 1782200897, Monitors: 0/41/0)
    Max: [0.07, 0.17] (Avg: 0.12, Id: 1782213087, Monitors: 12/88/3)
 (!Broken | !PumpOn)
    Min: [1, 1] (Avg: 1, Id: 1782200897, Monitors: 41/0/0)
    Max: [1, 1] (Avg: 1, Id: 1782200897, Monitors: 41/0/0)
---
 (HighWater -> X (PumpOn U !HighWater))
    Min: [0.88, 0.96] (Avg: 0.92, Id: 1782213087, Monitors: 92/8/1)
    Max: [1, 1] (Avg: 1, Id: 1782200897, Monitors: 41/0/0)
 (HighWater & X (Broken R HighWater))
    Min: [0, 0] (Avg: 0, Id: 1782200897, Monitors: 0/41/0)
    Max: [0.04, 0.12] (Avg: 0.08, Id: 1782213087, Monitors: 8/92/1)
 (!Broken | !PumpOn)
    Min: [1, 1] (Avg: 1, Id: 1782200897, Monitors: 41/0/0)
    Max: [1, 1] (Avg: 1, Id: 1782200897, Monitors: 41/0/0)
---
 (HighWater -> X (PumpOn U !HighWater))
    Min: [0.9, 0.98] (Avg: 0.94, Id: 1782213087, Monitors: 94/6/1)
    Max: [1, 1] (Avg: 1, Id: 1782200897, Monitors: 41/0/0)
 (HighWater & X (Broken R HighWater))
    Min: [0, 0] (Avg: 0, Id: 1782200897, Monitors: 0/41/0)
    Max: [0.02, 0.1] (Avg: 0.06, Id: 1782213087, Monitors: 6/94/1)
 (!Broken | !PumpOn)
    Min: [1, 1] (Avg: 1, Id: 1782200897, Monitors: 41/0/0)
    Max: [1, 1] (Avg: 1, Id: 1782200897, Monitors: 41/0/0)
---
 (HighWater -> X (PumpOn U !HighWater))
    Min: [0.91, 0.99] (Avg: 0.95, Id: 1782213087, Monitors: 95/5/2)
    Max: [1, 1] (Avg: 1, Id: 1782200897, Monitors: 42/0/0)
 (HighWater & X (Broken R HighWater))
    Min: [0, 0] (Avg: 0, Id: 1782200897, Monitors: 0/42/0)
    Max: [0.01, 0.09] (Avg: 0.05, Id: 1782213087, Monitors: 5/95/2)
 (!Broken | !PumpOn)
    Min: [1, 1] (Avg: 1, Id: 1782200897, Monitors: 42/0/0)
    Max: [1, 1] (Avg: 1, Id: 1782200897, Monitors: 42/0/0)
---
 (HighWater -> X (PumpOn U !HighWater))
    Min: [0.92, 0.99] (Avg: 0.95, Id: 1788649407, Monitors: 83/4/1)
    Max: [1, 1] (Avg: 1, Id: 1782200897, Monitors: 42/0/0)
 (HighWater & X (Broken R HighWater))
    Min: [0, 0] (Avg: 0, Id: 1782200897, Monitors: 0/42/0)
    Max: [0.01, 0.08] (Avg: 0.05, Id: 1788649407, Monitors: 4/83/1)
 (!Broken | !PumpOn)
    Min: [1, 1] (Avg: 1, Id: 1782200897, Monitors: 42/0/0)
    Max: [1, 1] (Avg: 1, Id: 1782200897, Monitors: 42/0/0)
---
 (HighWater -> X (PumpOn U !HighWater))
    Min: [0.92, 0.99] (Avg: 0.96, Id: 1788649407, Monitors: 86/4/0)
    Max: [1, 1] (Avg: 1, Id: 1782200897, Monitors: 44/0/0)
 (HighWater & X (Broken R HighWater))
    Min: [0, 0] (Avg: 0, Id: 1782200897, Monitors: 0/44/0)
    Max: [0.01, 0.08] (Avg: 0.04, Id: 1788649407, Monitors: 4/86/0)
 (!Broken | !PumpOn)
    Min: [1, 1] (Avg: 1, Id: 1782200897, Monitors: 44/0/0)
    Max: [1, 1] (Avg: 1, Id: 1782200897, Monitors: 44/0/0)
---
 (HighWater -> X (PumpOn U !HighWater))
    Min: [0.92, 0.99] (Avg: 0.96, Id: 1788649407, Monitors: 87/4/0)
    Max: [1, 1] (Avg: 1, Id: 1782200897, Monitors: 44/0/0)
 (HighWater & X (Broken R HighWater))
    Min: [0, 0] (Avg: 0, Id: 1782200897, Monitors: 0/44/0)
    Max: [0.01, 0.08] (Avg: 0.04, Id: 1788649407, Monitors: 4/87/0)
 (!Broken | !PumpOn)
    Min: [1, 1] (Avg: 1, Id: 1782200897, Monitors: 44/0/0)
    Max: [1, 1] (Avg: 1, Id: 1782200897, Monitors: 44/0/0)
---
 (HighWater -> X (PumpOn U !HighWater))
    Min: [0.92, 0.99] (Avg: 0.96, Id: 1788649407, Monitors: 89/4/0)
    Max: [1, 1] (Avg: 1, Id: 1782200897, Monitors: 46/0/0)
 (HighWater & X (Broken R HighWater))
    Min: [0, 0] (Avg: 0, Id: 1782200897, Monitors: 0/46/0)
    Max: [0.01, 0.08] (Avg: 0.04, Id: 1788649407, Monitors: 4/89/0)
 (!Broken | !PumpOn)
    Min: [1, 1] (Avg: 1, Id: 1782200897, Monitors: 46/0/0)
    Max: [1, 1] (Avg: 1, Id: 1782200897, Monitors: 46/0/0)
---
 (HighWater -> X (PumpOn U !HighWater))
    Min: [0.92, 0.99] (Avg: 0.96, Id: 1788649407, Monitors: 91/4/0)
    Max: [1, 1] (Avg: 1, Id: 1782200897, Monitors: 47/0/0)
 (HighWater & X (Broken R HighWater))
    Min: [0, 0] (Avg: 0, Id: 1782200897, Monitors: 0/47/0)
    Max: [0.01, 0.08] (Avg: 0.04, Id: 1788649407, Monitors: 4/91/0)
 (!Broken | !PumpOn)
    Min: [1, 1] (Avg: 1, Id: 1782200897, Monitors: 47/0/0)
    Max: [1, 1] (Avg: 1, Id: 1782200897, Monitors: 47/0/0)
---
 (HighWater -> X (PumpOn U !HighWater))
    Min: [0.93, 0.99] (Avg: 0.96, Id: 1788649407, Monitors: 94/4/0)
    Max: [1, 1] (Avg: 1, Id: 1782200897, Monitors: 50/0/0)
 (HighWater & X (Broken R HighWater))
    Min: [0, 0] (Avg: 0, Id: 1782200897, Monitors: 0/50/0)
    Max: [0.01, 0.07] (Avg: 0.04, Id: 1788649407, Monitors: 4/94/0)
 (!Broken | !PumpOn)
    Min: [1, 1] (Avg: 1, Id: 1782200897, Monitors: 50/0/0)
    Max: [1, 1] (Avg: 1, Id: 1782200897, Monitors: 50/0/0)
---
 (HighWater -> X (PumpOn U !HighWater))
    Min: [0.93, 0.99] (Avg: 0.96, Id: 1788649407, Monitors: 94/4/0)
    Max: [1, 1] (Avg: 1, Id: 1782200897, Monitors: 50/0/0)
 (HighWater & X (Broken R HighWater))
    Min: [0, 0] (Avg: 0, Id: 1782200897, Monitors: 0/50/0)
    Max: [0.01, 0.07] (Avg: 0.04, Id: 1788649407, Monitors: 4/94/0)
 (!Broken | !PumpOn)
    Min: [1, 1] (Avg: 1, Id: 1782200897, Monitors: 50/0/0)
    Max: [1, 1] (Avg: 1, Id: 1782200897, Monitors: 50/0/0)
---
 (HighWater -> X (PumpOn U !HighWater))
    Min: [0.91, 0.99] (Avg: 0.95, Id: 1782213087, Monitors: 95/5/1)
    Max: [1, 1] (Avg: 1, Id: 1782200897, Monitors: 51/0/0)
 (HighWater & X (Broken R HighWater))
    Min: [0, 0] (Avg: 0, Id: 1782200897, Monitors: 0/51/0)
    Max: [0.01, 0.09] (Avg: 0.05, Id: 1782213087, Monitors: 5/95/1)
 (!Broken | !PumpOn)
    Min: [1, 1] (Avg: 1, Id: 1782200897, Monitors: 51/0/0)
    Max: [1, 1] (Avg: 1, Id: 1782200897, Monitors: 51/0/0)
---
 (HighWater -> X (PumpOn U !HighWater))
    Min: [0.89, 0.97] (Avg: 0.93, Id: 1782213087, Monitors: 93/7/1)
    Max: [1, 1] (Avg: 1, Id: 1782200897, Monitors: 51/0/0)
 (HighWater & X (Broken R HighWater))
    Min: [0, 0] (Avg: 0, Id: 1782200897, Monitors: 0/51/0)
    Max: [0.03, 0.11] (Avg: 0.07, Id: 1782213087, Monitors: 7/93/1)
 (!Broken | !PumpOn)
    Min: [1, 1] (Avg: 1, Id: 1782200897, Monitors: 51/0/0)
    Max: [1, 1] (Avg: 1, Id: 1782200897, Monitors: 51/0/0)
---
 (HighWater -> X (PumpOn U !HighWater))
    Min: [0.89, 0.97] (Avg: 0.93, Id: 1782213087, Monitors: 93/7/0)
    Max: [1, 1] (Avg: 1, Id: 1782200897, Monitors: 51/0/0)
 (HighWater & X (Broken R HighWater))
    Min: [0, 0] (Avg: 0, Id: 1782200897, Monitors: 0/51/0)
    Max: [0.03, 0.11] (Avg: 0.07, Id: 1782213087, Monitors: 7/93/0)
 (!Broken | !PumpOn)
    Min: [1, 1] (Avg: 1, Id: 1782200897, Monitors: 51/0/0)
    Max: [1, 1] (Avg: 1, Id: 1782200897, Monitors: 51/0/0)
---
 (HighWater -> X (PumpOn U !HighWater))
    Min: [0.9, 0.98] (Avg: 0.94, Id: 1782213087, Monitors: 94/6/1)
    Max: [1, 1] (Avg: 1, Id: 1782200897, Monitors: 51/0/0)
 (HighWater & X (Broken R HighWater))
    Min: [0, 0] (Avg: 0, Id: 1782200897, Monitors: 0/51/0)
    Max: [0.02, 0.1] (Avg: 0.06, Id: 1782213087, Monitors: 6/94/1)
 (!Broken | !PumpOn)
    Min: [1, 1] (Avg: 1, Id: 1782200897, Monitors: 51/0/0)
    Max: [1, 1] (Avg: 1, Id: 1782200897, Monitors: 51/0/0)
---
 (HighWater -> X (PumpOn U !HighWater))
    Min: [0.84, 0.94] (Avg: 0.89, Id: 1782213087, Monitors: 89/11/0)
    Max: [1, 1] (Avg: 1, Id: 1782200897, Monitors: 51/0/0)
 (HighWater & X (Broken R HighWater))
    Min: [0, 0] (Avg: 0, Id: 1782200897, Monitors: 0/51/0)
    Max: [0.06, 0.16] (Avg: 0.11, Id: 1782213087, Monitors: 11/89/0)
 (!Broken | !PumpOn)
    Min: [1, 1] (Avg: 1, Id: 1782200897, Monitors: 51/0/0)
    Max: [1, 1] (Avg: 1, Id: 1782200897, Monitors: 51/0/0)
---
 (HighWater -> X (PumpOn U !HighWater))
    Min: [0.83, 0.93] (Avg: 0.88, Id: 1782213087, Monitors: 88/12/0)
    Max: [1, 1] (Avg: 1, Id: 1782200897, Monitors: 53/0/0)
 (HighWater & X (Broken R HighWater))
    Min: [0, 0] (Avg: 0, Id: 1782200897, Monitors: 0/53/0)
    Max: [0.07, 0.17] (Avg: 0.12, Id: 1782213087, Monitors: 12/88/0)
 (!Broken | !PumpOn)
    Min: [1, 1] (Avg: 1, Id: 1782200897, Monitors: 53/0/0)
    Max: [1, 1] (Avg: 1, Id: 1782200897, Monitors: 53/0/0)
---
 (HighWater -> X (PumpOn U !HighWater))
    Min: [0.8, 0.92] (Avg: 0.86, Id: 1782213087, Monitors: 86/14/2)
    Max: [1, 1] (Avg: 1, Id: 1782200897, Monitors: 54/0/0)
 (HighWater & X (Broken R HighWater))
    Min: [0, 0] (Avg: 0, Id: 1782200897, Monitors: 0/54/0)
    Max: [0.08, 0.2] (Avg: 0.14, Id: 1782213087, Monitors: 14/86/2)
 (!Broken | !PumpOn)
    Min: [1, 1] (Avg: 1, Id: 1782200897, Monitors: 54/0/0)
    Max: [1, 1] (Avg: 1, Id: 1782200897, Monitors: 54/0/0)
---
 (HighWater -> X (PumpOn U !HighWater))
    Min: [0.8, 0.92] (Avg: 0.86, Id: 1782213087, Monitors: 86/14/0)
    Max: [1, 1] (Avg: 1, Id: 1782200897, Monitors: 54/0/0)
 (HighWater & X (Broken R HighWater))
    Min: [0, 0] (Avg: 0, Id: 1782200897, Monitors: 0/54/0)
    Max: [0.08, 0.2] (Avg: 0.14, Id: 1782213087, Monitors: 14/86/0)
 (!Broken | !PumpOn)
    Min: [1, 1] (Avg: 1, Id: 1782200897, Monitors: 54/0/0)
    Max: [1, 1] (Avg: 1, Id: 1782200897, Monitors: 54/0/0)
---
 (HighWater -> X (PumpOn U !HighWater))
    Min: [0.84, 0.94] (Avg: 0.89, Id: 1782213087, Monitors: 89/11/1)
    Max: [1, 1] (Avg: 1, Id: 1782200897, Monitors: 55/0/0)
 (HighWater & X (Broken R HighWater))
    Min: [0, 0] (Avg: 0, Id: 1782200897, Monitors: 0/55/0)
    Max: [0.06, 0.16] (Avg: 0.11, Id: 1782213087, Monitors: 11/89/2)
 (!Broken | !PumpOn)
    Min: [1, 1] (Avg: 1, Id: 1782200897, Monitors: 55/0/0)
    Max: [1, 1] (Avg: 1, Id: 1782200897, Monitors: 55/0/0)
---
 (HighWater -> X (PumpOn U !HighWater))
    Min: [0.86, 0.96] (Avg: 0.91, Id: 1782213087, Monitors: 91/9/0)
    Max: [1, 1] (Avg: 1, Id: 1782200897, Monitors: 56/0/0)
 (HighWater & X (Broken R HighWater))
    Min: [0, 0] (Avg: 0, Id: 1782200897, Monitors: 0/56/0)
    Max: [0.04, 0.14] (Avg: 0.09, Id: 1782213087, Monitors: 9/91/0)
 (!Broken | !PumpOn)
    Min: [1, 1] (Avg: 1, Id: 1782200897, Monitors: 56/0/0)
    Max: [1, 1] (Avg: 1, Id: 1782200897, Monitors: 56/0/0)
---
 (HighWater -> X (PumpOn U !HighWater))
    Min: [0.86, 0.96] (Avg: 0.91, Id: 1782213087, Monitors: 91/9/2)
    Max: [1, 1] (Avg: 1, Id: 1782200897, Monitors: 56/0/0)
 (HighWater & X (Broken R HighWater))
    Min: [0, 0] (Avg: 0, Id: 1782200897, Monitors: 0/56/0)
    Max: [0.04, 0.14] (Avg: 0.09, Id: 1782213087, Monitors: 9/91/2)
 (!Broken | !PumpOn)
    Min: [1, 1] (Avg: 1, Id: 1782200897, Monitors: 56/0/0)
    Max: [1, 1] (Avg: 1, Id: 1782200897, Monitors: 56/0/0)
---
 (HighWater -> X (PumpOn U !HighWater))
    Min: [0.86, 0.96] (Avg: 0.91, Id: 1782213087, Monitors: 91/9/1)
    Max: [1, 1] (Avg: 1, Id: 1782200897, Monitors: 56/0/0)
 (HighWater & X (Broken R HighWater))
    Min: [0, 0] (Avg: 0, Id: 1782200897, Monitors: 0/56/0)
    Max: [0.04, 0.14] (Avg: 0.09, Id: 1782213087, Monitors: 9/91/1)
 (!Broken | !PumpOn)
    Min: [1, 1] (Avg: 1, Id: 1782200897, Monitors: 56/0/0)
    Max: [1, 1] (Avg: 1, Id: 1782200897, Monitors: 56/0/0)
---
 (HighWater -> X (PumpOn U !HighWater))
    Min: [0.89, 0.97] (Avg: 0.93, Id: 1782213087, Monitors: 93/7/1)
    Max: [1, 1] (Avg: 1, Id: 1782200897, Monitors: 56/0/0)
 (HighWater & X (Broken R HighWater))
    Min: [0, 0] (Avg: 0, Id: 1782200897, Monitors: 0/56/0)
    Max: [0.03, 0.11] (Avg: 0.07, Id: 1782213087, Monitors: 7/93/1)
 (!Broken | !PumpOn)
    Min: [1, 1] (Avg: 1, Id: 1782200897, Monitors: 56/0/0)
    Max: [1, 1] (Avg: 1, Id: 1782200897, Monitors: 56/0/0)
---
 (HighWater -> X (PumpOn U !HighWater))
    Min: [0.9, 0.98] (Avg: 0.94, Id: 1782213087, Monitors: 94/6/0)
    Max: [1, 1] (Avg: 1, Id: 1782200897, Monitors: 56/0/0)
 (HighWater & X (Broken R HighWater))
    Min: [0, 0] (Avg: 0, Id: 1782200897, Monitors: 0/56/0)
    Max: [0.02, 0.1] (Avg: 0.06, Id: 1782213087, Monitors: 6/94/0)
 (!Broken | !PumpOn)
    Min: [1, 1] (Avg: 1, Id: 1782200897, Monitors: 56/0/0)
    Max: [1, 1] (Avg: 1, Id: 1782200897, Monitors: 56/0/0)
---
 (HighWater -> X (PumpOn U !HighWater))
    Min: [0.93, 0.99] (Avg: 0.96, Id: 1788649407, Monitors: 96/4/0)
    Max: [1, 1] (Avg: 1, Id: 1782200897, Monitors: 56/0/0)
 (HighWater & X (Broken R HighWater))
    Min: [0, 0] (Avg: 0, Id: 1782200897, Monitors: 0/56/0)
    Max: [0.01, 0.07] (Avg: 0.04, Id: 1788649407, Monitors: 4/96/0)
 (!Broken | !PumpOn)
    Min: [1, 1] (Avg: 1, Id: 1782200897, Monitors: 56/0/0)
    Max: [1, 1] (Avg: 1, Id: 1782200897, Monitors: 56/0/0)
---
 (HighWater -> X (PumpOn U !HighWater))
    Min: [0.93, 0.99] (Avg: 0.96, Id: 1788649407, Monitors: 96/4/0)
    Max: [1, 1] (Avg: 1, Id: 1782200897, Monitors: 59/0/0)
 (HighWater & X (Broken R HighWater))
    Min: [0, 0] (Avg: 0, Id: 1782200897, Monitors: 0/59/0)
    Max: [0.01, 0.07] (Avg: 0.04, Id: 1788649407, Monitors: 4/96/0)
 (!Broken | !PumpOn)
    Min: [1, 1] (Avg: 1, Id: 1782200897, Monitors: 59/0/0)
    Max: [1, 1] (Avg: 1, Id: 1782200897, Monitors: 59/0/0)
---
 (HighWater -> X (PumpOn U !HighWater))
    Min: [0.91, 0.99] (Avg: 0.95, Id: 1782213087, Monitors: 95/5/2)
    Max: [1, 1] (Avg: 1, Id: 1782200897, Monitors: 60/0/0)
 (HighWater & X (Broken R HighWater))
    Min: [0, 0] (Avg: 0, Id: 1782200897, Monitors: 0/60/0)
    Max: [0.01, 0.09] (Avg: 0.05, Id: 1782213087, Monitors: 5/95/2)
 (!Broken | !PumpOn)
    Min: [1, 1] (Avg: 1, Id: 1782200897, Monitors: 60/0/0)
    Max: [1, 1] (Avg: 1, Id: 1782200897, Monitors: 60/0/0)
---
 (HighWater -> X (PumpOn U !HighWater))
    Min: [0.86, 0.96] (Avg: 0.91, Id: 1782213087, Monitors: 91/9/3)
    Max: [1, 1] (Avg: 1, Id: 1782200897, Monitors: 61/0/0)
 (HighWater & X (Broken R HighWater))
    Min: [0, 0] (Avg: 0, Id: 1782200897, Monitors: 0/61/0)
    Max: [0.04, 0.14] (Avg: 0.09, Id: 1782213087, Monitors: 9/91/3)
 (!Broken | !PumpOn)
    Min: [1, 1] (Avg: 1, Id: 1782200897, Monitors: 61/0/0)
    Max: [1, 1] (Avg: 1, Id: 1782200897, Monitors: 61/0/0)
---
 (HighWater -> X (PumpOn U !HighWater))
    Min: [0.84, 0.94] (Avg: 0.89, Id: 1782213087, Monitors: 89/11/1)
    Max: [1, 1] (Avg: 1, Id: 1782200897, Monitors: 62/0/0)
 (HighWater & X (Broken R HighWater))
    Min: [0, 0] (Avg: 0, Id: 1782200897, Monitors: 0/62/0)
    Max: [0.06, 0.16] (Avg: 0.11, Id: 1782213087, Monitors: 11/89/1)
 (!Broken | !PumpOn)
    Min: [1, 1] (Avg: 1, Id: 1782200897, Monitors: 62/0/0)
    Max: [1, 1] (Avg: 1, Id: 1782200897, Monitors: 62/0/0)
---
 (HighWater -> X (PumpOn U !HighWater))
    Min: [0.81, 0.93] (Avg: 0.87, Id: 1782213087, Monitors: 87/13/0)
    Max: [1, 1] (Avg: 1, Id: 1782200897, Monitors: 63/0/0)
 (HighWater & X (Broken R HighWater))
    Min: [0, 0] (Avg: 0, Id: 1782200897, Monitors: 0/63/0)
    Max: [0.07, 0.19] (Avg: 0.13, Id: 1782213087, Monitors: 13/87/0)
 (!Broken | !PumpOn)
    Min: [1, 1] (Avg: 1, Id: 1782200897, Monitors: 63/0/0)
    Max: [1, 1] (Avg: 1, Id: 1782200897, Monitors: 63/0/0)
---
 (HighWater -> X (PumpOn U !HighWater))
    Min: [0.81, 0.93] (Avg: 0.87, Id: 1782213087, Monitors: 87/13/0)
    Max: [1, 1] (Avg: 1, Id: 1782200897, Monitors: 64/0/0)
 (HighWater & X (Broken R HighWater))
    Min: [0, 0] (Avg: 0, Id: 1782200897, Monitors: 0/64/0)
    Max: [0.07, 0.19] (Avg: 0.13, Id: 1782213087, Monitors: 13/87/0)
 (!Broken | !PumpOn)
    Min: [1, 1] (Avg: 1, Id: 1782200897, Monitors: 64/0/0)
    Max: [1, 1] (Avg: 1, Id: 1782200897, Monitors: 64/0/0)
---
 (HighWater -> X (PumpOn U !HighWater))
    Min: [0.79, 0.91] (Avg: 0.85, Id: 1782213087, Monitors: 85/15/2)
    Max: [1, 1] (Avg: 1, Id: 1782200897, Monitors: 65/0/0)
 (HighWater & X (Broken R HighWater))
    Min: [0, 0] (Avg: 0, Id: 1782200897, Monitors: 0/65/0)
    Max: [0.09, 0.21] (Avg: 0.15, Id: 1782213087, Monitors: 15/85/2)
 (!Broken | !PumpOn)
    Min: [1, 1] (Avg: 1, Id: 1782200897, Monitors: 65/0/0)
    Max: [1, 1] (Avg: 1, Id: 1782200897, Monitors: 65/0/0)
---
 (HighWater -> X (PumpOn U !HighWater))
    Min: [0.8, 0.92] (Avg: 0.86, Id: 1782213087, Monitors: 86/14/1)
    Max: [1, 1] (Avg: 1, Id: 1782200897, Monitors: 65/0/0)
 (HighWater & X (Broken R HighWater))
    Min: [0, 0] (Avg: 0, Id: 1782200897, Monitors: 0/65/0)
    Max: [0.08, 0.2] (Avg: 0.14, Id: 1782213087, Monitors: 14/86/1)
 (!Broken | !PumpOn)
    Min: [1, 1] (Avg: 1, Id: 1782200897, Monitors: 65/0/0)
    Max: [1, 1] (Avg: 1, Id: 1782200897, Monitors: 65/0/0)
---
 (HighWater -> X (PumpOn U !HighWater))
    Min: [0.8, 0.92] (Avg: 0.86, Id: 1782213087, Monitors: 86/14/4)
    Max: [1, 1] (Avg: 1, Id: 1782200897, Monitors: 65/0/0)
 (HighWater & X (Broken R HighWater))
    Min: [0, 0] (Avg: 0, Id: 1782200897, Monitors: 0/65/0)
    Max: [0.08, 0.2] (Avg: 0.14, Id: 1782213087, Monitors: 14/86/4)
 (!Broken | !PumpOn)
    Min: [1, 1] (Avg: 1, Id: 1782200897, Monitors: 65/0/0)
    Max: [1, 1] (Avg: 1, Id: 1782200897, Monitors: 65/0/0)
---
 (HighWater -> X (PumpOn U !HighWater))
    Min: [0.8, 0.92] (Avg: 0.86, Id: 1782213087, Monitors: 86/14/1)
    Max: [1, 1] (Avg: 1, Id: 1782200897, Monitors: 66/0/0)
 (HighWater & X (Broken R HighWater))
    Min: [0, 0] (Avg: 0, Id: 1782200897, Monitors: 0/66/0)
    Max: [0.08, 0.2] (Avg: 0.14, Id: 1782213087, Monitors: 14/86/1)
 (!Broken | !PumpOn)
    Min: [1, 1] (Avg: 1, Id: 1782200897, Monitors: 66/0/0)
    Max: [1, 1] (Avg: 1, Id: 1782200897, Monitors: 66/0/0)
---
 (HighWater -> X (PumpOn U !HighWater))
    Min: [0.78, 0.9] (Avg: 0.84, Id: 1782213087, Monitors: 84/16/2)
    Max: [1, 1] (Avg: 1, Id: 1782200897, Monitors: 67/0/0)
 (HighWater & X (Broken R HighWater))
    Min: [0, 0] (Avg: 0, Id: 1782200897, Monitors: 0/67/0)
    Max: [0.1, 0.22] (Avg: 0.16, Id: 1782213087, Monitors: 16/84/2)
 (!Broken | !PumpOn)
    Min: [1, 1] (Avg: 1, Id: 1782200897, Monitors: 67/0/0)
    Max: [1, 1] (Avg: 1, Id: 1782200897, Monitors: 67/0/0)
---
 (HighWater -> X (PumpOn U !HighWater))
    Min: [0.83, 0.93] (Avg: 0.88, Id: 1782213087, Monitors: 88/12/1)
    Max: [1, 1] (Avg: 1, Id: 1782200897, Monitors: 67/0/0)
 (HighWater & X (Broken R HighWater))
    Min: [0, 0] (Avg: 0, Id: 1782200897, Monitors: 0/67/0)
    Max: [0.07, 0.17] (Avg: 0.12, Id: 1782213087, Monitors: 12/88/1)
 (!Broken | !PumpOn)
    Min: [1, 1] (Avg: 1, Id: 1782200897, Monitors: 67/0/0)
    Max: [1, 1] (Avg: 1, Id: 1782200897, Monitors: 67/0/0)
---
 (HighWater -> X (PumpOn U !HighWater))
    Min: [0.86, 0.96] (Avg: 0.91, Id: 1782213087, Monitors: 91/9/1)
    Max: [1, 1] (Avg: 1, Id: 1782200897, Monitors: 67/0/0)
 (HighWater & X (Broken R HighWater))
    Min: [0, 0] (Avg: 0, Id: 1782200897, Monitors: 0/67/0)
    Max: [0.04, 0.14] (Avg: 0.09, Id: 1782213087, Monitors: 9/91/1)
 (!Broken | !PumpOn)
    Min: [1, 1] (Avg: 1, Id: 1782200897, Monitors: 67/0/0)
    Max: [1, 1] (Avg: 1, Id: 1782200897, Monitors: 67/0/0)
---
 (HighWater -> X (PumpOn U !HighWater))
    Min: [0.88, 0.96] (Avg: 0.92, Id: 1782213087, Monitors: 92/8/1)
    Max: [1, 1] (Avg: 1, Id: 1782200897, Monitors: 67/0/0)
 (HighWater & X (Broken R HighWater))
    Min: [0, 0] (Avg: 0, Id: 1782200897, Monitors: 0/67/0)
    Max: [0.04, 0.12] (Avg: 0.08, Id: 1782213087, Monitors: 8/92/1)
 (!Broken | !PumpOn)
    Min: [1, 1] (Avg: 1, Id: 1782200897, Monitors: 67/0/0)
    Max: [1, 1] (Avg: 1, Id: 1782200897, Monitors: 67/0/0)
---
 (HighWater -> X (PumpOn U !HighWater))
    Min: [0.89, 0.97] (Avg: 0.93, Id: 1782213087, Monitors: 93/7/2)
    Max: [1, 1] (Avg: 1, Id: 1782200897, Monitors: 67/0/0)
 (HighWater & X (Broken R HighWater))
    Min: [0, 0] (Avg: 0, Id: 1782200897, Monitors: 0/67/0)
    Max: [0.03, 0.11] (Avg: 0.07, Id: 1782213087, Monitors: 7/93/2)
 (!Broken | !PumpOn)
    Min: [1, 1] (Avg: 1, Id: 1782200897, Monitors: 67/0/0)
    Max: [1, 1] (Avg: 1, Id: 1782200897, Monitors: 67/0/0)
---
 (HighWater -> X (PumpOn U !HighWater))
    Min: [0.86, 0.96] (Avg: 0.91, Id: 1782213087, Monitors: 91/9/0)
    Max: [1, 1] (Avg: 1, Id: 1782200897, Monitors: 68/0/0)
 (HighWater & X (Broken R HighWater))
    Min: [0, 0] (Avg: 0, Id: 1782200897, Monitors: 0/68/0)
    Max: [0.04, 0.14] (Avg: 0.09, Id: 1782213087, Monitors: 9/91/0)
 (!Broken | !PumpOn)
    Min: [1, 1] (Avg: 1, Id: 1782200897, Monitors: 68/0/0)
    Max: [1, 1] (Avg: 1, Id: 1782200897, Monitors: 68/0/0)
---
 (HighWater -> X (PumpOn U !HighWater))
    Min: [0.84, 0.94] (Avg: 0.89, Id: 1782213087, Monitors: 89/11/2)
    Max: [1, 1] (Avg: 1, Id: 1782200897, Monitors: 70/0/0)
 (HighWater & X (Broken R HighWater))
    Min: [0, 0] (Avg: 0, Id: 1782200897, Monitors: 0/70/0)
    Max: [0.06, 0.16] (Avg: 0.11, Id: 1782213087, Monitors: 11/89/2)
 (!Broken | !PumpOn)
    Min: [1, 1] (Avg: 1, Id: 1782200897, Monitors: 70/0/0)
    Max: [1, 1] (Avg: 1, Id: 1782200897, Monitors: 70/0/0)
---
 (HighWater -> X (PumpOn U !HighWater))
    Min: [0.84, 0.94] (Avg: 0.89, Id: 1782213087, Monitors: 89/11/1)
    Max: [1, 1] (Avg: 1, Id: 1782200897, Monitors: 70/0/0)
 (HighWater & X (Broken R HighWater))
    Min: [0, 0] (Avg: 0, Id: 1782200897, Monitors: 0/70/0)
    Max: [0.06, 0.16] (Avg: 0.11, Id: 1782213087, Monitors: 11/89/1)
 (!Broken | !PumpOn)
    Min: [1, 1] (Avg: 1, Id: 1782200897, Monitors: 70/0/0)
    Max: [1, 1] (Avg: 1, Id: 1782200897, Monitors: 70/0/0)
---
 (HighWater -> X (PumpOn U !HighWater))
    Min: [0.88, 0.96] (Avg: 0.92, Id: 1782213087, Monitors: 92/8/1)
    Max: [1, 1] (Avg: 1, Id: 1782200897, Monitors: 70/0/0)
 (HighWater & X (Broken R HighWater))
    Min: [0, 0] (Avg: 0, Id: 1782200897, Monitors: 0/70/0)
    Max: [0.04, 0.12] (Avg: 0.08, Id: 1782213087, Monitors: 8/92/1)
 (!Broken | !PumpOn)
    Min: [1, 1] (Avg: 1, Id: 1782200897, Monitors: 70/0/0)
    Max: [1, 1] (Avg: 1, Id: 1782200897, Monitors: 70/0/0)
---
 (HighWater -> X (PumpOn U !HighWater))
    Min: [0.89, 0.97] (Avg: 0.93, Id: 1782213087, Monitors: 93/7/3)
    Max: [1, 1] (Avg: 1, Id: 1782200897, Monitors: 70/0/0)
 (HighWater & X (Broken R HighWater))
    Min: [0, 0] (Avg: 0, Id: 1782200897, Monitors: 0/70/0)
    Max: [0.03, 0.11] (Avg: 0.07, Id: 1782213087, Monitors: 7/93/3)
 (!Broken | !PumpOn)
    Min: [1, 1] (Avg: 1, Id: 1782200897, Monitors: 70/0/0)
    Max: [1, 1] (Avg: 1, Id: 1782200897, Monitors: 70/0/0)
---
 (HighWater -> X (PumpOn U !HighWater))
    Min: [0.88, 0.96] (Avg: 0.92, Id: 1782213087, Monitors: 92/8/2)
    Max: [1, 1] (Avg: 1, Id: 1782200897, Monitors: 71/0/0)
 (HighWater & X (Broken R HighWater))
    Min: [0, 0] (Avg: 0, Id: 1782200897, Monitors: 0/71/0)
    Max: [0.04, 0.12] (Avg: 0.08, Id: 1782213087, Monitors: 8/92/2)
 (!Broken | !PumpOn)
    Min: [1, 1] (Avg: 1, Id: 1782200897, Monitors: 71/0/0)
    Max: [1, 1] (Avg: 1, Id: 1782200897, Monitors: 71/0/0)
---
 (HighWater -> X (PumpOn U !HighWater))
    Min: [0.79, 0.91] (Avg: 0.85, Id: 1782213087, Monitors: 85/15/1)
    Max: [1, 1] (Avg: 1, Id: 1782200897, Monitors: 73/0/0)
 (HighWater & X (Broken R HighWater))
    Min: [0, 0] (Avg: 0, Id: 1782200897, Monitors: 0/73/0)
    Max: [0.09, 0.21] (Avg: 0.15, Id: 1782213087, Monitors: 15/85/1)
 (!Broken | !PumpOn)
    Min: [1, 1] (Avg: 1, Id: 1782200897, Monitors: 73/0/0)
    Max: [1, 1] (Avg: 1, Id: 1782200897, Monitors: 73/0/0)
---
 (HighWater -> X (PumpOn U !HighWater))
    Min: [0.76, 0.88] (Avg: 0.82, Id: 1782213087, Monitors: 82/18/2)
    Max: [1, 1] (Avg: 1, Id: 1782200897, Monitors: 75/0/0)
 (HighWater & X (Broken R HighWater))
    Min: [0, 0] (Avg: 0, Id: 1782200897, Monitors: 0/75/0)
    Max: [0.12, 0.24] (Avg: 0.18, Id: 1782213087, Monitors: 18/82/2)
 (!Broken | !PumpOn)
    Min: [1, 1] (Avg: 1, Id: 1782200897, Monitors: 75/0/0)
    Max: [1, 1] (Avg: 1, Id: 1782200897, Monitors: 75/0/0)
---
 (HighWater -> X (PumpOn U !HighWater))
    Min: [0.75, 0.87] (Avg: 0.81, Id: 1782213087, Monitors: 81/19/0)
    Max: [1, 1] (Avg: 1, Id: 1782200897, Monitors: 77/0/0)
 (HighWater & X (Broken R HighWater))
    Min: [0, 0] (Avg: 0, Id: 1782200897, Monitors: 0/77/0)
    Max: [0.13, 0.25] (Avg: 0.19, Id: 1782213087, Monitors: 19/81/0)
 (!Broken | !PumpOn)
    Min: [1, 1] (Avg: 1, Id: 1782200897, Monitors: 77/0/0)
    Max: [1, 1] (Avg: 1, Id: 1782200897, Monitors: 77/0/0)
---
 (HighWater -> X (PumpOn U !HighWater))
    Min: [0.79, 0.91] (Avg: 0.85, Id: 1782213087, Monitors: 85/15/0)
    Max: [1, 1] (Avg: 1, Id: 1782200897, Monitors: 77/0/0)
 (HighWater & X (Broken R HighWater))
    Min: [0, 0] (Avg: 0, Id: 1782200897, Monitors: 0/77/0)
    Max: [0.09, 0.21] (Avg: 0.15, Id: 1782213087, Monitors: 15/85/0)
 (!Broken | !PumpOn)
    Min: [1, 1] (Avg: 1, Id: 1782200897, Monitors: 77/0/0)
    Max: [1, 1] (Avg: 1, Id: 1782200897, Monitors: 77/0/0)
---
 (HighWater -> X (PumpOn U !HighWater))
    Min: [0.79, 0.91] (Avg: 0.85, Id: 1782213087, Monitors: 85/15/0)
    Max: [1, 1] (Avg: 1, Id: 1782200897, Monitors: 78/0/0)
 (HighWater & X (Broken R HighWater))
    Min: [0, 0] (Avg: 0, Id: 1782200897, Monitors: 0/78/0)
    Max: [0.09, 0.21] (Avg: 0.15, Id: 1782213087, Monitors: 15/85/1)
 (!Broken | !PumpOn)
    Min: [1, 1] (Avg: 1, Id: 1782200897, Monitors: 78/0/0)
    Max: [1, 1] (Avg: 1, Id: 1782200897, Monitors: 78/0/0)
---
 (HighWater -> X (PumpOn U !HighWater))
    Min: [0.75, 0.87] (Avg: 0.81, Id: 1782213087, Monitors: 81/19/1)
    Max: [1, 1] (Avg: 1, Id: 1782200897, Monitors: 79/0/0)
 (HighWater & X (Broken R HighWater))
    Min: [0, 0] (Avg: 0, Id: 1782200897, Monitors: 0/79/0)
    Max: [0.13, 0.25] (Avg: 0.19, Id: 1782213087, Monitors: 19/81/1)
 (!Broken | !PumpOn)
    Min: [1, 1] (Avg: 1, Id: 1782200897, Monitors: 79/0/0)
    Max: [1, 1] (Avg: 1, Id: 1782200897, Monitors: 79/0/0)
---
 (HighWater -> X (PumpOn U !HighWater))
    Min: [0.75, 0.87] (Avg: 0.81, Id: 1782213087, Monitors: 81/19/0)
    Max: [1, 1] (Avg: 1, Id: 1782200897, Monitors: 79/0/0)
 (HighWater & X (Broken R HighWater))
    Min: [0, 0] (Avg: 0, Id: 1782200897, Monitors: 0/79/0)
    Max: [0.13, 0.25] (Avg: 0.19, Id: 1782213087, Monitors: 19/81/0)
 (!Broken | !PumpOn)
    Min: [1, 1] (Avg: 1, Id: 1782200897, Monitors: 79/0/0)
    Max: [1, 1] (Avg: 1, Id: 1782200897, Monitors: 79/0/0)
---
 (HighWater -> X (PumpOn U !HighWater))
    Min: [0.75, 0.87] (Avg: 0.81, Id: 1782213087, Monitors: 81/19/0)
    Max: [1, 1] (Avg: 1, Id: 1782200897, Monitors: 80/0/0)
 (HighWater & X (Broken R HighWater))
    Min: [0, 0] (Avg: 0, Id: 1782200897, Monitors: 0/80/0)
    Max: [0.13, 0.25] (Avg: 0.19, Id: 1782213087, Monitors: 19/81/0)
 (!Broken | !PumpOn)
    Min: [1, 1] (Avg: 1, Id: 1782200897, Monitors: 80/0/0)
    Max: [1, 1] (Avg: 1, Id: 1782200897, Monitors: 80/0/0)
---
 (HighWater -> X (PumpOn U !HighWater))
    Min: [0.76, 0.88] (Avg: 0.82, Id: 1782213087, Monitors: 82/18/0)
    Max: [1, 1] (Avg: 1, Id: 1782200897, Monitors: 80/0/0)
 (HighWater & X (Broken R HighWater))
    Min: [0, 0] (Avg: 0, Id: 1782200897, Monitors: 0/80/0)
    Max: [0.12, 0.24] (Avg: 0.18, Id: 1782213087, Monitors: 18/82/0)
 (!Broken | !PumpOn)
    Min: [1, 1] (Avg: 1, Id: 1782200897, Monitors: 80/0/0)
    Max: [1, 1] (Avg: 1, Id: 1782200897, Monitors: 80/0/0)
---
